#
# A fatal error has been detected by the Java Runtime Environment:
#
#  EXCEPTION_ACCESS_VIOLATION (0xc0000005) at pc=0x00007ffaca41e3d2, pid=11016, tid=2984
#
# JRE version: Java(TM) SE Runtime Environment (25.0.2+10) (build 25.0.2+10-LTS-69)
# Java VM: Java HotSpot(TM) 64-Bit Server VM (25.0.2+10-LTS-69, mixed mode, sharing, tiered, compressed oops, compressed class ptrs, g1 gc, windows-amd64)
# Problematic frame:
# V  [jvm.dll+0x4ee3d2]
#
# No core dump will be written. Minidumps are not enabled by default on client versions of Windows
#
# If you would like to submit a bug report, please visit:
#   https://bugreport.java.com/bugreport/crash.jsp
#

---------------  S U M M A R Y ------------

Command Line: -Djava.library.path=C:\Users\HP\Desktop\GameVersePro\lib\javafx\bin -Dprism.order=sw -Dprism.verbose=false --module-path=C:\Users\HP\Desktop\GameVersePro\lib\javafx\lib --add-modules=javafx.controls,javafx.fxml MainApp

Host: AMD Ryzen 5 3550H with Radeon Vega Mobile Gfx  , 8 cores, 13G,  Windows 11 , 64 bit Build 26100 (10.0.26100.7920)
Time: Wed Mar 11 11:39:26 2026 India Standard Time elapsed time: 0.591704 seconds (0d 0h 0m 0s)

---------------  T H R E A D  ---------------

Current thread (0x0000019285e5e5e0):  JavaThread "WindowsNativeRunloopThread"        [_thread_in_vm, id=2984, stack(0x0000001ff8b00000,0x0000001ff8c00000) (1024K)]

Stack: [0x0000001ff8b00000,0x0000001ff8c00000],  sp=0x0000001ff8bff1a0,  free space=1020k
Native frames: (J=compiled Java code, j=interpreted, Vv=VM code, C=native code)
V  [jvm.dll+0x4ee3d2]  (no source info available)
C  [glass.dll+0x50ec]  (no source info available)
C  [glass.dll+0xa6e6]  (no source info available)
C  0x00000192f6c6d193  (no source info available)

The last pc belongs to native method entry point (kind = native) (printed below).
Java frames: (J=compiled Java code, j=interpreted, Vv=VM code)
j  com.sun.glass.ui.win.WinApplication._runLoop(Ljava/lang/Runnable;)V+0 javafx.graphics@25.0.2
j  com.sun.glass.ui.win.WinApplication.lambda$runLoop$0(ILjava/lang/Runnable;)V+8 javafx.graphics@25.0.2
j  com.sun.glass.ui.win.WinApplication$$Lambda+0x0000000035069e78.run()V+12 javafx.graphics@25.0.2
j  java.lang.Thread.runWith(Ljava/lang/Object;Ljava/lang/Runnable;)V+5 java.base@25.0.2
j  java.lang.Thread.run()V+19 java.base@25.0.2
v  ~StubRoutines::call_stub 0x00000192f6c612ed

siginfo: EXCEPTION_ACCESS_VIOLATION (0xc0000005), reading address 0x0000000000000000


Registers:
RAX=0x0000000000000000, RBX=0x0000019285e5e5e0, RCX=0x0000019285e5ea28, RDX=0x0000001ff8bff388
RSP=0x0000001ff8bff1a0, RBP=0x0000001ff8bff2a8, RSI=0x0000000000000000, RDI=0x0000019285e5ea28
R8 =0x0000000000000000, R9 =0x0000001ff8bff2a8, R10=0x0000000000000000, R11=0x0000001ff8bff258
R12=0x0000000000000000, R13=0x00000192864ed570, R14=0x0000001ff8bff388, R15=0x0000019285e5e5e0
RIP=0x00007ffaca41e3d2, EFLAGS=0x0000000000010246

XMM[0]=0x0000000000000000 0x0000000000000000
XMM[1]=0x0000000000000000 0x0000000000000000
XMM[2]=0x0000000000000000 0x0000000000000000
XMM[3]=0x0000000000000000 0x0000000000000000
XMM[4]=0x0000000000000000 0x0000000000000000
XMM[5]=0x0000000000000000 0x0000000000000000
XMM[6]=0x0000000000000000 0x0000000000000000
XMM[7]=0x0000000000000000 0x0000000000000000
XMM[8]=0x0000000000000000 0x0000000000000000
XMM[9]=0x0000000000000000 0x0000000000000000
XMM[10]=0x0000000000000000 0x0000000000000000
XMM[11]=0x0000000000000000 0x0000000000000000
XMM[12]=0x0000000000000000 0x0000000000000000
XMM[13]=0x0000000000000000 0x0000000000000000
XMM[14]=0x0000000000000000 0x0000000000000000
XMM[15]=0x0000000000000000 0x0000000000000000
  MXCSR=0x00001fa0


Register to memory mapping:

RAX=0x0 is null
RBX=0x0000019285e5e5e0 is a thread
RCX=0x0000019285e5ea28 points into unknown readable memory: 0x00007ffacac16ba0 | a0 6b c1 ca fa 7f 00 00
RDX=0x0000001ff8bff388 is pointing into the stack for thread: 0x0000019285e5e5e0
RSP=0x0000001ff8bff1a0 is pointing into the stack for thread: 0x0000019285e5e5e0
RBP=0x0000001ff8bff2a8 is pointing into the stack for thread: 0x0000019285e5e5e0
RSI=0x0 is null
RDI=0x0000019285e5ea28 points into unknown readable memory: 0x00007ffacac16ba0 | a0 6b c1 ca fa 7f 00 00
R8 =0x0 is null
R9 =0x0000001ff8bff2a8 is pointing into the stack for thread: 0x0000019285e5e5e0
R10=0x0 is null
R11=0x0000001ff8bff258 is pointing into the stack for thread: 0x0000019285e5e5e0
R12=0x0 is null
R13={method} {0x00000192864ed578} '_runLoop' '(Ljava/lang/Runnable;)V' in 'com/sun/glass/ui/win/WinApplication'
R14=0x0000001ff8bff388 is pointing into the stack for thread: 0x0000019285e5e5e0
R15=0x0000019285e5e5e0 is a thread

Top of Stack: (sp=0x0000001ff8bff1a0)
0x0000001ff8bff1a0:   00007ffb4cfb0380 00007ffb4f662f91   ...L...../fO....
0x0000001ff8bff1b0:   0000000000000004 0000019200000000   ................
0x0000001ff8bff1c0:   0000000000000000 0000001ff8bff1d8   ................
0x0000001ff8bff1d0:   0000000000000000 00007ffb4f662f91   ........./fO....
0x0000001ff8bff1e0:   00007ffb4ec854e0 0000000000000000   .T.N............
0x0000001ff8bff1f0:   0000019285e5e5e0 0000000000000000   ................
0x0000001ff8bff200:   000001928a56b070 00007ffb4deefb7c   p.V.....|..M....
0x0000001ff8bff210:   0000000000000000 00007ffb4eca8660   ........`..N....
0x0000001ff8bff220:   000001928a56b070 00007ffb4e8e536f   p.V.....oS.N....
0x0000001ff8bff230:   0000019285e5e5e0 0000000000000001   ................
0x0000001ff8bff240:   0000019285e5e5e0 0000001ff8bff390   ................
0x0000001ff8bff250:   0000019285e5ea28 00007ffaf8cc50ec   (........P......
0x0000001ff8bff260:   000001928a56b070 0000000000000000   p.V.............
0x0000001ff8bff270:   0000001ff8bff368 0000001ff8bff388   h...............
0x0000001ff8bff280:   0000001ff8bff390 00007ffaf8cca6e6   ................
0x0000001ff8bff290:   00000192864ed570 0000001ff8bff368   p.N.....h.......
0x0000001ff8bff2a0:   0000000000000000 0000000000000000   ................
0x0000001ff8bff2b0:   00000192f6c68c0e 00000192f6c6cff6   ................
0x0000001ff8bff2c0:   00000192864ed570 00000192864ed570   p.N.....p.N.....
0x0000001ff8bff2d0:   00000192864ed570 0000000000000000   p.N.............
0x0000001ff8bff2e0:   00000192f6c68c0e 00000192f6c6d193   ................
0x0000001ff8bff2f0:   00000192864ed570 0000001ff8bff870   p.N.....p.......
0x0000001ff8bff300:   0000001ff8bff870 0000019285e5e5e0   p...............
0x0000001ff8bff310:   0000001ff8bff870 00000192f6c6ce6b   p.......k.......
0x0000001ff8bff320:   fffffffffffffff7 00000192864ed570   ........p.N.....
0x0000001ff8bff330:   0000000000000005 0000019286516f60   ........`oQ.....
0x0000001ff8bff340:   0000000000000000 000000072eed65f0   .........e......
0x0000001ff8bff350:   00000192864ed570 0000000000000000   p.N.............
0x0000001ff8bff360:   0000001ff8bff388 0000001ff8bff3e0   ................
0x0000001ff8bff370:   00000192f6c68b18 0000000000000000   ................
0x0000001ff8bff380:   00000192f6c6a757 000000072ec6bed0   W...............
0x0000001ff8bff390:   000000072ec5f018 fffffffffffffff7   ................

Instructions: (pc=0x00007ffaca41e3d2)
  0x00007ffaca41e2d2:   47 10 48 89 41 18 48 8b 4f 08 48 8b 47 18 48 89
  0x00007ffaca41e2e2:   41 20 48 8b 4f 08 48 8b 47 20 48 89 41 28 48 8d
  0x00007ffaca41e2f2:   8b 28 04 00 00 e8 a4 c7 eb ff 90 c7 83 d4 04 00
  0x00007ffaca41e302:   00 04 00 00 00 48 81 c4 b0 00 00 00 41 5e 5f 5e
  0x00007ffaca41e312:   5d 5b c3 cc cc cc cc cc cc cc cc cc cc cc 48 89
  0x00007ffaca41e322:   5c 24 10 48 89 6c 24 18 48 89 74 24 20 57 41 56
  0x00007ffaca41e332:   41 57 48 81 ec a0 00 00 00 8b 81 a0 00 00 00 48
  0x00007ffaca41e342:   8d 99 b8 fb ff ff 05 53 21 ff ff 49 8b e9 49 8b
  0x00007ffaca41e352:   f0 4c 8b f2 48 8b f9 83 f8 01 77 08 48 8b cb e8
  0x00007ffaca41e362:   ba c9 f9 ff 80 3d fd de 85 00 00 c7 83 d4 04 00
  0x00007ffaca41e372:   00 06 00 00 00 75 06 e8 82 76 2a 00 90 48 8b 43
  0x00007ffaca41e382:   28 a8 01 74 0d 45 33 c0 b2 01 48 8b cb e8 6c 10
  0x00007ffaca41e392:   32 00 8b 83 d0 04 00 00 c1 e8 03 a8 01 74 08 48
  0x00007ffaca41e3a2:   8b cb e8 f7 e2 f9 ff c7 83 d4 04 00 00 06 00 00
  0x00007ffaca41e3b2:   00 48 83 7b 08 00 48 89 5c 24 50 48 c7 44 24 58
  0x00007ffaca41e3c2:   00 00 00 00 74 0a 48 8d 4c 24 50 e8 9e 8e 2e 00
=>0x00007ffaca41e3d2:   48 8b 16 48 8d 4c 24 70 c6 44 24 40 0e e8 8c ad
  0x00007ffaca41e3e2:   00 00 48 8d 44 24 70 48 89 5c 24 30 48 89 44 24
  0x00007ffaca41e3f2:   28 4c 8d 3d de e4 60 00 41 b9 01 00 00 00 48 89
  0x00007ffaca41e402:   74 24 20 4d 8b c6 4c 89 7c 24 70 48 8d 54 24 40
  0x00007ffaca41e412:   48 89 ac 24 98 00 00 00 48 8b cf e8 6e bc 00 00
  0x00007ffaca41e422:   48 83 7c 24 58 00 4c 89 7c 24 70 48 c7 84 24 98
  0x00007ffaca41e432:   00 00 00 00 00 00 00 74 0a 48 8d 4c 24 50 e8 ab
  0x00007ffaca41e442:   8e 2e 00 48 8b bb a8 01 00 00 48 8b 47 10 48 83
  0x00007ffaca41e452:   38 00 74 08 48 8b cf e8 a2 c2 f4 ff 48 8b 4f 08
  0x00007ffaca41e462:   48 8b 47 10 48 89 41 18 48 8b 4f 08 48 8b 47 18
  0x00007ffaca41e472:   48 89 41 20 48 8b 4f 08 48 8b 47 20 48 89 41 28
  0x00007ffaca41e482:   48 8d 8b 28 04 00 00 e8 12 c6 eb ff 4c 8d 9c 24
  0x00007ffaca41e492:   a0 00 00 00 90 49 8b 6b 30 49 8b 73 38 c7 83 d4
  0x00007ffaca41e4a2:   04 00 00 04 00 00 00 49 8b 5b 28 49 8b e3 41 5f
  0x00007ffaca41e4b2:   41 5e 5f c3 cc cc cc cc cc cc cc cc cc cc 48 89
  0x00007ffaca41e4c2:   5c 24 10 48 89 6c 24 18 56 57 41 56 48 81 ec a0


Stack slot to memory mapping:

stack at sp + 0 slots: 0x00007ffb4cfb0380 KERNELBASE.dll
stack at sp + 1 slots: 0x00007ffb4f662f91 ntdll.dll
stack at sp + 2 slots: 0x0000000000000004 is an unknown value
stack at sp + 3 slots: 0x0000019200000000 is an unknown value
stack at sp + 4 slots: 0x0 is null
stack at sp + 5 slots: 0x0000001ff8bff1d8 is pointing into the stack for thread: 0x0000019285e5e5e0
stack at sp + 6 slots: 0x0 is null
stack at sp + 7 slots: 0x00007ffb4f662f91 ntdll.dll

Lock stack of current Java thread (top to bottom):

native method entry point (kind = native)  [0x00000192f6c6cdc0, 0x00000192f6c6d8b8]  2808 bytes
[MachCode]
  0x00000192f6c6cdc0: 488b 4b08 | 0fb7 492e | 584c 8d74 | ccf8 6800 | 0000 0068 | 0000 0000 | 5055 488b | ec41 5548 
  0x00000192f6c6cde0: 8b43 084c | 8d68 3848 | 8b40 0868 | 0000 0000 | 5348 8b50 | 1848 8b52 | 7048 8b12 | 5248 8b53 
  0x00000192f6c6ce00: 1048 85d2 | 7407 4881 | c2d0 0000 | 0052 488b | 5010 5249 | 8bc6 482b | c548 c1e8 | 0350 6800 
  0x00000192f6c6ce20: 0000 0068 | f7ff ffff | 41c6 87f1 | 0400 0001 | 488b 4310 | 4885 c074 | 208b 8890 | 0000 0083 
  0x00000192f6c6ce40: c102 8988 | 9000 0000 | 2388 a400 | 0000 0f84 | b209 0000 | e9cf 0000 | 0048 8b43 | 1848 85c0 
  0x00000192f6c6ce60: 0f85 b000 | 0000 e805 | 0000 00e9 | 9900 0000 | 488b d348 | 8d44 2408 | 4c89 6dc0 | 498b cfc5 
  0x00000192f6c6ce80: f877 4989 | af38 0400 | 0049 8987 | 2804 0000 | 4883 ec20 | 40f6 c40f | 0f84 1900 | 0000 4883 
  0x00000192f6c6cea0: ec08 48b8 | 4022 3aca | fa7f 0000 | ffd0 4883 | c408 e90c | 0000 0048 | b840 223a | cafa 7f00 
  0x00000192f6c6cec0: 00ff d048 | 83c4 2049 | c787 2804 | 0000 0000 | 0000 49c7 | 8738 0400 | 0000 0000 | 0049 c787 
  0x00000192f6c6cee0: 3004 0000 | 0000 0000 | c5f8 7749 | 837f 0800 | 0f84 0500 | 0000 e9e5 | 42ff ff4c | 8b6d c04c 
  0x00000192f6c6cf00: 8b75 c84e | 8d74 f500 | c348 8b43 | 1848 85c0 | 0f84 1200 | 0000 8b48 | 0883 c102 | 8948 0823 
  0x00000192f6c6cf20: 482c 0f84 | de08 0000 | 493b a770 | 0500 000f | 8748 0000 | 0089 8424 | 00f0 ffff | 8984 2400 
  0x00000192f6c6cf40: e0ff ff89 | 8424 00d0 | ffff 8984 | 2400 c0ff | ff89 8424 | 00b0 ffff | 8984 2400 | a0ff ff89 
  0x00000192f6c6cf60: 8424 0090 | ffff 8984 | 2400 80ff | ff49 3ba7 | 6805 0000 | 7607 4989 | a770 0500 | 0041 c687 
  0x00000192f6c6cf80: f104 0000 | 0048 8b5d | e84c 8b5b | 0845 0fb7 | 5b2e 41c1 | e303 492b | e348 83ec | 2048 83e4 
  0x00000192f6c6cfa0: f04c 8b5b | 604d 85db | 0f85 ab00 | 0000 e805 | 0000 00e9 | 9900 0000 | 488b d348 | 8d44 2408 
  0x00000192f6c6cfc0: 4c89 6dc0 | 498b cfc5 | f877 4989 | af38 0400 | 0049 8987 | 2804 0000 | 4883 ec20 | 40f6 c40f 
  0x00000192f6c6cfe0: 0f84 1900 | 0000 4883 | ec08 48b8 | 704b 3aca | fa7f 0000 | ffd0 4883 | c408 e90c | 0000 0048 
  0x00000192f6c6d000: b870 4b3a | cafa 7f00 | 00ff d048 | 83c4 2049 | c787 2804 | 0000 0000 | 0000 49c7 | 8738 0400 
  0x00000192f6c6d020: 0000 0000 | 0049 c787 | 3004 0000 | 0000 0000 | c5f8 7749 | 837f 0800 | 0f84 0500 | 0000 e99d 
  0x00000192f6c6d040: 41ff ff4c | 8b6d c04c | 8b75 c84e | 8d74 f500 | c348 8b5d | e84c 8b5b | 6041 ffd3 | 488b 5de8 
  0x00000192f6c6d060: 4889 4518 | 440f b75b | 2c41 f6c3 | 080f 841b | 0000 004c | 8b5b 084d | 8b5b 084d | 8b5b 184d 
  0x00000192f6c6d080: 8b5b 704d | 8b1b 4c89 | 5d10 488d | 5510 488b | 4358 49ba | 4015 75ca | fa7f 0000 | 493b c20f 
  0x00000192f6c6d0a0: 85ab 0000 | 00e8 0500 | 0000 e999 | 0000 0048 | 8bd3 488d | 4424 084c | 896d c049 | 8bcf c5f8 
  0x00000192f6c6d0c0: 7749 89af | 3804 0000 | 4989 8728 | 0400 0048 | 83ec 2040 | f6c4 0f0f | 8419 0000 | 0048 83ec 
  0x00000192f6c6d0e0: 0848 b870 | 4b3a cafa | 7f00 00ff | d048 83c4 | 08e9 0c00 | 0000 48b8 | 704b 3aca | fa7f 0000 
  0x00000192f6c6d100: ffd0 4883 | c420 49c7 | 8728 0400 | 0000 0000 | 0049 c787 | 3804 0000 | 0000 0000 | 49c7 8730 
  0x00000192f6c6d120: 0400 0000 | 0000 00c5 | f877 4983 | 7f08 000f | 8405 0000 | 00e9 a640 | ffff 4c8b | 6dc0 4c8b 
  0x00000192f6c6d140: 75c8 4e8d | 74f5 00c3 | 488b 5de8 | 488b 4358 | 498d 8f48 | 0400 004c | 8d15 d500 | 0000 4d89 
  0x00000192f6c6d160: 9730 0400 | 00c5 f877 | 4989 af38 | 0400 0049 | 89a7 2804 | 0000 41c7 | 87d4 0400 | 0004 0000 
  0x00000192f6c6d180: 0049 3ba7 | c805 0000 | 7607 4989 | a7c8 0500 | 00ff d049 | 3ba7 c805 | 0000 720b | 49c7 87c8 
  0x00000192f6c6d1a0: 0500 0000 | 0000 00c5 | f877 4883 | ec10 c5fb | 1104 2448 | 83ec 1048 | 8904 2448 | c744 2408 
  0x00000192f6c6d1c0: 0000 0000 | 41c7 87d4 | 0400 0005 | 0000 00f0 | 8344 24c0 | 0049 3b6f | 280f 870e | 0000 0041 
  0x00000192f6c6d1e0: 83bf d004 | 0000 000f | 8420 0000 | 0049 8bcf | 4c8b e448 | 83ec 2048 | 83e4 f048 | b8a0 af3b 
  0x00000192f6c6d200: cafa 7f00 | 00ff d049 | 8be4 4d33 | e441 c787 | d404 0000 | 0800 0000 | 4d8b 97f0 | 0500 0049 
  0x00000192f6c6d220: 83fa 0074 | 3549 c787 | f005 0000 | 0000 0000 | 41ff e249 | ba60 bec6 | f692 0100 | 0041 ffd2 
  0x00000192f6c6d240: 4883 ec10 | c5fb 1104 | 2448 83ec | 1048 8904 | 2448 c744 | 2408 0000 | 0000 49c7 | 8728 0400 
  0x00000192f6c6d260: 0000 0000 | 0049 c787 | 3804 0000 | 0000 0000 | 49c7 8730 | 0400 0000 | 0000 00c5 | f877 4d8b 
  0x00000192f6c6d280: 9fb8 0400 | 0041 c783 | 0001 0000 | 0000 0000 | 49bb 5aa7 | c6f6 9201 | 0000 4c3b | 5d18 0f85 
  0x00000192f6c6d2a0: 5501 0000 | 488b 0424 | 4883 c410 | 4885 c00f | 842f 0100 | 00a8 030f | 8508 0000 | 0048 8b00 
  0x00000192f6c6d2c0: e91f 0100 | 00a8 010f | 8509 0000 | 0048 8b40 | fee9 0e01 | 0000 488b | 40ff 4180 | 7f48 000f 
  0x00000192f6c6d2e0: 84ff 0000 | 0048 83f8 | 000f 84f5 | 0000 004d | 8b5f 384d | 85db 0f84 | 1400 0000 | 4983 eb08 
  0x00000192f6c6d300: 4d89 5f38 | 4d03 5f40 | 4989 03e9 | d400 0000 | 4883 ec70 | 4889 0424 | 4889 4c24 | 0848 8954 
  0x00000192f6c6d320: 2410 4c89 | 4424 184c | 894c 2420 | 4c89 5424 | 284c 895c | 2430 c5fb | 1144 2440 | c5fb 114c 
  0x00000192f6c6d340: 2448 c5fb | 1154 2450 | c5fb 115c | 2458 c5fb | 1164 2460 | c5fb 116c | 2468 498b | d748 8bc8 
  0x00000192f6c6d360: 4883 ec20 | 40f6 c40f | 0f84 1900 | 0000 4883 | ec08 48b8 | 2077 2eca | fa7f 0000 | ffd0 4883 
  0x00000192f6c6d380: c408 e90c | 0000 0048 | b820 772e | cafa 7f00 | 00ff d048 | 83c4 20c5 | fb10 6c24 | 68c5 fb10 
  0x00000192f6c6d3a0: 6424 60c5 | fb10 5c24 | 58c5 fb10 | 5424 50c5 | fb10 4c24 | 48c5 fb10 | 4424 404c | 8b5c 2430 
  0x00000192f6c6d3c0: 4c8b 5424 | 284c 8b4c | 2420 4c8b | 4424 1848 | 8b54 2410 | 488b 4c24 | 0848 8b04 | 2448 83c4 
  0x00000192f6c6d3e0: 70c5 f877 | 4889 4510 | 4883 ec10 | 4889 0424 | 48c7 4424 | 0800 0000 | 0041 83bf | 5005 0000 
  0x00000192f6c6d400: 020f 85bf | 0000 0048 | 81ec 8000 | 0000 4889 | 4424 7848 | 894c 2470 | 4889 5424 | 6848 895c 
  0x00000192f6c6d420: 2460 4889 | 6c24 5048 | 8974 2448 | 4889 7c24 | 404c 8944 | 2438 4c89 | 4c24 304c | 8954 2428 
  0x00000192f6c6d440: 4c89 5c24 | 204c 8964 | 2418 4c89 | 6c24 104c | 8974 2408 | 4c89 3c24 | 4c8b e448 | 83ec 2048 
  0x00000192f6c6d460: 83e4 f048 | b8b0 fc74 | cafa 7f00 | 00ff d049 | 8be4 4c8b | 3c24 4c8b | 7424 084c | 8b6c 2410 
  0x00000192f6c6d480: 4c8b 6424 | 184c 8b5c | 2420 4c8b | 5424 284c | 8b4c 2430 | 4c8b 4424 | 3848 8b7c | 2440 488b 
  0x00000192f6c6d4a0: 7424 4848 | 8b6c 2450 | 488b 5c24 | 6048 8b54 | 2468 488b | 4c24 7048 | 8b44 2478 | 4881 c480 
  0x00000192f6c6d4c0: 0000 004d | 33e4 488b | 5de8 4c8b | 6b08 4d8d | 6d38 4983 | 7f08 000f | 84bb 0000 | 00e8 0500 
  0x00000192f6c6d4e0: 0000 e996 | 0000 0048 | 8d44 2408 | 4c89 6dc0 | 498b cfc5 | f877 4989 | af38 0400 | 0049 8987 
  0x00000192f6c6d500: 2804 0000 | 4883 ec20 | 40f6 c40f | 0f84 1900 | 0000 4883 | ec08 48b8 | b069 3aca | fa7f 0000 
  0x00000192f6c6d520: ffd0 4883 | c408 e90c | 0000 0048 | b8b0 693a | cafa 7f00 | 00ff d048 | 83c4 2049 | c787 2804 
  0x00000192f6c6d540: 0000 0000 | 0000 49c7 | 8738 0400 | 0000 0000 | 0049 c787 | 3004 0000 | 0000 0000 | c5f8 7749 
  0x00000192f6c6d560: 837f 0800 | 0f84 0500 | 0000 e971 | 3cff ff4c | 8b6d c04c | 8b75 c84e | 8d74 f500 | c348 b968 
  0x00000192f6c6d580: 089e cafa | 7f00 0048 | 83e4 f048 | b800 9161 | cafa 7f00 | 00ff d0f4 | 440f b75b | 2c41 f6c3 
  0x00000192f6c6d5a0: 200f 8472 | 0100 0048 | 8d55 a84c | 8b5a 084d | 85db 0f85 | bb00 0000 | e805 0000 | 00e9 9600 
  0x00000192f6c6d5c0: 0000 488d | 4424 084c | 896d c049 | 8bcf c5f8 | 7749 89af | 3804 0000 | 4989 8728 | 0400 0048 
  0x00000192f6c6d5e0: 83ec 2040 | f6c4 0f0f | 8419 0000 | 0048 83ec | 0848 b8e0 | 683a cafa | 7f00 00ff | d048 83c4 
  0x00000192f6c6d600: 08e9 0c00 | 0000 48b8 | e068 3aca | fa7f 0000 | ffd0 4883 | c420 49c7 | 8728 0400 | 0000 0000 
  0x00000192f6c6d620: 0049 c787 | 3804 0000 | 0000 0000 | 49c7 8730 | 0400 0000 | 0000 00c5 | f877 4983 | 7f08 000f 
  0x00000192f6c6d640: 8405 0000 | 00e9 963b | ffff 4c8b | 6dc0 4c8b | 75c8 4e8d | 74f5 00c3 | 48b9 6808 | 9eca fa7f 
  0x00000192f6c6d660: 0000 4883 | e4f0 48b8 | 0091 61ca | fa7f 0000 | ffd0 f44c | 896d c04c | 8b4a 0848 | c742 0800 
  0x00000192f6c6d680: 0000 0045 | 8b87 d806 | 0000 4f3b | 4c07 f80f | 8542 0000 | 0041 83af | d806 0000 | 084f 3b4c 
  0x00000192f6c6d6a0: 07f0 0f84 | 2a00 0000 | 498b 01a8 | 020f 8512 | 0000 004c | 8bc0 4983 | c801 f04d | 0fb1 010f 
  0x00000192f6c6d6c0: 840d 0000 | 0041 8387 | d806 0000 | 08e9 0500 | 0000 e93e | 0000 004c | 894a 0848 | 8bca 4883 
  0x00000192f6c6d6e0: ec20 40f6 | c40f 0f84 | 1900 0000 | 4883 ec08 | 48b8 303b | 3aca fa7f | 0000 ffd0 | 4883 c408 
  0x00000192f6c6d700: e90c 0000 | 0048 b830 | 3b3a cafa | 7f00 00ff | d048 83c4 | 204c 8b6d | c041 c687 | 9603 0000 
  0x00000192f6c6d720: 0149 3b6f | 280f 8705 | 0000 00e9 | ab00 0000 | 4883 ec10 | c5fb 1104 | 2448 83ec | 1048 8904 
  0x00000192f6c6d740: 2448 c744 | 2408 0000 | 0000 c5f8 | 7749 89af | 3804 0000 | 49ba 4ad7 | c6f6 9201 | 0000 4d89 
  0x00000192f6c6d760: 9730 0400 | 0049 89a7 | 2804 0000 | 498b cf48 | 83ec 2040 | f6c4 0f0f | 8419 0000 | 0048 83ec 
  0x00000192f6c6d780: 0848 b8d0 | 213a cafa | 7f00 00ff | d048 83c4 | 08e9 0c00 | 0000 48b8 | d021 3aca | fa7f 0000 
  0x00000192f6c6d7a0: ffd0 4883 | c420 49c7 | 8728 0400 | 0000 0000 | 0049 c787 | 3804 0000 | 0000 0000 | 49c7 8730 
  0x00000192f6c6d7c0: 0400 0000 | 0000 00c5 | f877 488b | 0424 4883 | c410 c5fb | 1004 2448 | 83c4 1048 | 8b04 2448 
  0x00000192f6c6d7e0: 83c4 10c5 | fb10 0424 | 4883 c410 | 4c8b 5d18 | 41ff d34c | 8b5d f8c9 | 41c6 8796 | 0300 0000 
  0x00000192f6c6d800: 5f49 8be3 | ffe7 ba00 | 0000 00e8 | 0500 0000 | e996 0000 | 0048 8d44 | 2408 4c89 | 6dc0 498b 
  0x00000192f6c6d820: cfc5 f877 | 4989 af38 | 0400 0049 | 8987 2804 | 0000 4883 | ec20 40f6 | c40f 0f84 | 1900 0000 
  0x00000192f6c6d840: 4883 ec08 | 48b8 2031 | 3aca fa7f | 0000 ffd0 | 4883 c408 | e90c 0000 | 0048 b820 | 313a cafa 
  0x00000192f6c6d860: 7f00 00ff | d048 83c4 | 2049 c787 | 2804 0000 | 0000 0000 | 49c7 8738 | 0400 0000 | 0000 0049 
  0x00000192f6c6d880: c787 3004 | 0000 0000 | 0000 c5f8 | 7749 837f | 0800 0f84 | 0500 0000 | e943 39ff | ff4c 8b6d 
  0x00000192f6c6d8a0: c04c 8b75 | c84e 8d74 | f500 c348 | 8b5d e8e9 | 74f6 ffff | 0f1f 4000 
[/MachCode]

---------------  P R O C E S S  ---------------

Threads class SMR info:
_java_thread_list=0x000001928a9fc2f0, length=15, elements={
0x00000192e49f3980, 0x00000192859f4df0, 0x00000192859f5850, 0x00000192859fa650,
0x00000192859fc5f0, 0x00000192859fed30, 0x0000019285a045a0, 0x0000019285a15ff0,
0x0000019285a1c7f0, 0x0000019285a0f710, 0x0000019285b55750, 0x0000019285a0e770,
0x0000019285a11e20, 0x0000019285a14530, 0x0000019285e5e5e0
}

Java Threads: ( => current thread )
  0x00000192e49f3980 JavaThread "main"                              [_thread_blocked, id=14120, stack(0x0000001ff7600000,0x0000001ff7700000) (1024K)]
  0x00000192859f4df0 JavaThread "Reference Handler"          daemon [_thread_blocked, id=3856, stack(0x0000001ff7e00000,0x0000001ff7f00000) (1024K)]
  0x00000192859f5850 JavaThread "Finalizer"                  daemon [_thread_blocked, id=4200, stack(0x0000001ff7f00000,0x0000001ff8000000) (1024K)]
  0x00000192859fa650 JavaThread "Signal Dispatcher"          daemon [_thread_blocked, id=13784, stack(0x0000001ff8000000,0x0000001ff8100000) (1024K)]
  0x00000192859fc5f0 JavaThread "Attach Listener"            daemon [_thread_blocked, id=9088, stack(0x0000001ff8100000,0x0000001ff8200000) (1024K)]
  0x00000192859fed30 JavaThread "Service Thread"             daemon [_thread_blocked, id=16988, stack(0x0000001ff8200000,0x0000001ff8300000) (1024K)]
  0x0000019285a045a0 JavaThread "Monitor Deflation Thread"   daemon [_thread_blocked, id=17704, stack(0x0000001ff8300000,0x0000001ff8400000) (1024K)]
  0x0000019285a15ff0 JavaThread "C2 CompilerThread0"         daemon [_thread_blocked, id=7608, stack(0x0000001ff8400000,0x0000001ff8500000) (1024K)]
  0x0000019285a1c7f0 JavaThread "C1 CompilerThread0"         daemon [_thread_blocked, id=8476, stack(0x0000001ff8500000,0x0000001ff8600000) (1024K)]
  0x0000019285a0f710 JavaThread "Common-Cleaner"             daemon [_thread_blocked, id=7568, stack(0x0000001ff8600000,0x0000001ff8700000) (1024K)]
  0x0000019285b55750 JavaThread "C2 CompilerThread1"         daemon [_thread_blocked, id=3020, stack(0x0000001ff8700000,0x0000001ff8800000) (1024K)]
  0x0000019285a0e770 JavaThread "Notification Thread"        daemon [_thread_blocked, id=14252, stack(0x0000001ff8900000,0x0000001ff8a00000) (1024K)]
  0x0000019285a11e20 JavaThread "QuantumRenderer-0"          daemon [_thread_blocked, id=15292, stack(0x0000001ff8800000,0x0000001ff8900000) (1024K)]
  0x0000019285a14530 JavaThread "InvokeLaterDispatcher"      daemon [_thread_blocked, id=11480, stack(0x0000001ff8a00000,0x0000001ff8b00000) (1024K)]
=>0x0000019285e5e5e0 JavaThread "WindowsNativeRunloopThread"        [_thread_in_vm, id=2984, stack(0x0000001ff8b00000,0x0000001ff8c00000) (1024K)]
Total: 15

Other Threads:
  0x00000192859e1ee0 VMThread "VM Thread"                           [id=16420, stack(0x0000001ff7d00000,0x0000001ff7e00000) (1024K)]
  0x00000192859d3810 WatcherThread "VM Periodic Task Thread"        [id=18320, stack(0x0000001ff7c00000,0x0000001ff7d00000) (1024K)]
  0x00000192e6efe740 WorkerThread "GC Thread#0"                     [id=13832, stack(0x0000001ff7700000,0x0000001ff7800000) (1024K)]
  0x00000192e6f15220 ConcurrentGCThread "G1 Main Marker"            [id=10152, stack(0x0000001ff7800000,0x0000001ff7900000) (1024K)]
  0x00000192e6f16b70 WorkerThread "G1 Conc#0"                       [id=2144, stack(0x0000001ff7900000,0x0000001ff7a00000) (1024K)]
  0x00000192e6f5e060 ConcurrentGCThread "G1 Refine#0"               [id=12328, stack(0x0000001ff7a00000,0x0000001ff7b00000) (1024K)]
  0x00000192e6f5ea70 ConcurrentGCThread "G1 Service"                [id=2812, stack(0x0000001ff7b00000,0x0000001ff7c00000) (1024K)]
Total: 7

Threads with active compile tasks:
Total: 0

VM state: not at safepoint (normal execution)

VM Mutex/Monitor currently owned by a thread: None

Heap address: 0x0000000721e00000, size: 3554 MB, Compressed Oops mode: Zero based, Oop shift amount: 3

CDS archive(s) mapped at: [0x0000000034000000-0x0000000034dd0000-0x0000000034dd0000), size 14483456, SharedBaseAddress: 0x0000000034000000, ArchiveRelocationMode: 1.
Compressed class space mapped at: 0x0000000035000000-0x0000000075000000, reserved size: 1073741824
UseCompressedClassPointers 1, UseCompactObjectHeaders 0
Narrow klass pointer bits 32, Max shift 3
Narrow klass base: 0x0000000034000000, Narrow klass shift: 0
Encoding Range: [0x0000000034000000 - 0x0000000134000000), (4294967296 bytes)
Klass Range:    [0x0000000034010000 - 0x0000000075000000), (1090453504 bytes)
Klass ID Range:  [65536 - 1090519033) (1090453497)
Protection zone: [0x0000000034000000 - 0x0000000034010000), (65536 bytes)

GC Precious Log:
 CardTable entry size: 512
 Card Set container configuration: InlinePtr #cards 4 size 8 Array Of Cards #cards 16 size 48 Howl #buckets 8 coarsen threshold 3686 Howl Bitmap #cards 512 size 80 coarsen threshold 460 Card regions per heap region 1 cards per card region 4096
 CPUs: 8 total, 8 available
 Memory: 14211M
 Large Page Support: Disabled
 NUMA Support: Disabled
 Compressed Oops: Enabled (Zero based)
 Heap Region Size: 2M
 Heap Min Capacity: 8M
 Heap Initial Capacity: 224M
 Heap Max Capacity: 3554M
 Pre-touch: Disabled
 Parallel Workers: 8
 Concurrent Workers: 2
 Concurrent Refinement Workers: 8
 Periodic GC: Disabled

Heap:
 garbage-first heap   total reserved 3639296K, committed 231424K, used 15509K [0x0000000721e00000, 0x0000000800000000)
  region size 2048K, 9 young (18432K), 0 survivors (0K)

Heap Regions: E=young(eden), S=young(survivor), O=old, HS=humongous(starts), HC=humongous(continues), CS=collection set, F=free, TAMS=top-at-mark-start, PB=parsable bottom
|   0|0x0000000721e00000, 0x0000000721e00000, 0x0000000722000000|  0%| F|  |TAMS 0x0000000721e00000| PB 0x0000000721e00000| Untracked |  0
|   1|0x0000000722000000, 0x0000000722000000, 0x0000000722200000|  0%| F|  |TAMS 0x0000000722000000| PB 0x0000000722000000| Untracked |  0
|   2|0x0000000722200000, 0x0000000722200000, 0x0000000722400000|  0%| F|  |TAMS 0x0000000722200000| PB 0x0000000722200000| Untracked |  0
|   3|0x0000000722400000, 0x0000000722400000, 0x0000000722600000|  0%| F|  |TAMS 0x0000000722400000| PB 0x0000000722400000| Untracked |  0
|   4|0x0000000722600000, 0x0000000722600000, 0x0000000722800000|  0%| F|  |TAMS 0x0000000722600000| PB 0x0000000722600000| Untracked |  0
|   5|0x0000000722800000, 0x0000000722800000, 0x0000000722a00000|  0%| F|  |TAMS 0x0000000722800000| PB 0x0000000722800000| Untracked |  0
|   6|0x0000000722a00000, 0x0000000722a00000, 0x0000000722c00000|  0%| F|  |TAMS 0x0000000722a00000| PB 0x0000000722a00000| Untracked |  0
|   7|0x0000000722c00000, 0x0000000722c00000, 0x0000000722e00000|  0%| F|  |TAMS 0x0000000722c00000| PB 0x0000000722c00000| Untracked |  0
|   8|0x0000000722e00000, 0x0000000722e00000, 0x0000000723000000|  0%| F|  |TAMS 0x0000000722e00000| PB 0x0000000722e00000| Untracked |  0
|   9|0x0000000723000000, 0x0000000723000000, 0x0000000723200000|  0%| F|  |TAMS 0x0000000723000000| PB 0x0000000723000000| Untracked |  0
|  10|0x0000000723200000, 0x0000000723200000, 0x0000000723400000|  0%| F|  |TAMS 0x0000000723200000| PB 0x0000000723200000| Untracked |  0
|  11|0x0000000723400000, 0x0000000723400000, 0x0000000723600000|  0%| F|  |TAMS 0x0000000723400000| PB 0x0000000723400000| Untracked |  0
|  12|0x0000000723600000, 0x0000000723600000, 0x0000000723800000|  0%| F|  |TAMS 0x0000000723600000| PB 0x0000000723600000| Untracked |  0
|  13|0x0000000723800000, 0x0000000723800000, 0x0000000723a00000|  0%| F|  |TAMS 0x0000000723800000| PB 0x0000000723800000| Untracked |  0
|  14|0x0000000723a00000, 0x0000000723a00000, 0x0000000723c00000|  0%| F|  |TAMS 0x0000000723a00000| PB 0x0000000723a00000| Untracked |  0
|  15|0x0000000723c00000, 0x0000000723c00000, 0x0000000723e00000|  0%| F|  |TAMS 0x0000000723c00000| PB 0x0000000723c00000| Untracked |  0
|  16|0x0000000723e00000, 0x0000000723e00000, 0x0000000724000000|  0%| F|  |TAMS 0x0000000723e00000| PB 0x0000000723e00000| Untracked |  0
|  17|0x0000000724000000, 0x0000000724000000, 0x0000000724200000|  0%| F|  |TAMS 0x0000000724000000| PB 0x0000000724000000| Untracked |  0
|  18|0x0000000724200000, 0x0000000724200000, 0x0000000724400000|  0%| F|  |TAMS 0x0000000724200000| PB 0x0000000724200000| Untracked |  0
|  19|0x0000000724400000, 0x0000000724400000, 0x0000000724600000|  0%| F|  |TAMS 0x0000000724400000| PB 0x0000000724400000| Untracked |  0
|  20|0x0000000724600000, 0x0000000724600000, 0x0000000724800000|  0%| F|  |TAMS 0x0000000724600000| PB 0x0000000724600000| Untracked |  0
|  21|0x0000000724800000, 0x0000000724800000, 0x0000000724a00000|  0%| F|  |TAMS 0x0000000724800000| PB 0x0000000724800000| Untracked |  0
|  22|0x0000000724a00000, 0x0000000724a00000, 0x0000000724c00000|  0%| F|  |TAMS 0x0000000724a00000| PB 0x0000000724a00000| Untracked |  0
|  23|0x0000000724c00000, 0x0000000724c00000, 0x0000000724e00000|  0%| F|  |TAMS 0x0000000724c00000| PB 0x0000000724c00000| Untracked |  0
|  24|0x0000000724e00000, 0x0000000724e00000, 0x0000000725000000|  0%| F|  |TAMS 0x0000000724e00000| PB 0x0000000724e00000| Untracked |  0
|  25|0x0000000725000000, 0x0000000725000000, 0x0000000725200000|  0%| F|  |TAMS 0x0000000725000000| PB 0x0000000725000000| Untracked |  0
|  26|0x0000000725200000, 0x0000000725200000, 0x0000000725400000|  0%| F|  |TAMS 0x0000000725200000| PB 0x0000000725200000| Untracked |  0
|  27|0x0000000725400000, 0x0000000725400000, 0x0000000725600000|  0%| F|  |TAMS 0x0000000725400000| PB 0x0000000725400000| Untracked |  0
|  28|0x0000000725600000, 0x0000000725600000, 0x0000000725800000|  0%| F|  |TAMS 0x0000000725600000| PB 0x0000000725600000| Untracked |  0
|  29|0x0000000725800000, 0x0000000725800000, 0x0000000725a00000|  0%| F|  |TAMS 0x0000000725800000| PB 0x0000000725800000| Untracked |  0
|  30|0x0000000725a00000, 0x0000000725a00000, 0x0000000725c00000|  0%| F|  |TAMS 0x0000000725a00000| PB 0x0000000725a00000| Untracked |  0
|  31|0x0000000725c00000, 0x0000000725c00000, 0x0000000725e00000|  0%| F|  |TAMS 0x0000000725c00000| PB 0x0000000725c00000| Untracked |  0
|  32|0x0000000725e00000, 0x0000000725e00000, 0x0000000726000000|  0%| F|  |TAMS 0x0000000725e00000| PB 0x0000000725e00000| Untracked |  0
|  33|0x0000000726000000, 0x0000000726000000, 0x0000000726200000|  0%| F|  |TAMS 0x0000000726000000| PB 0x0000000726000000| Untracked |  0
|  34|0x0000000726200000, 0x0000000726200000, 0x0000000726400000|  0%| F|  |TAMS 0x0000000726200000| PB 0x0000000726200000| Untracked |  0
|  35|0x0000000726400000, 0x0000000726400000, 0x0000000726600000|  0%| F|  |TAMS 0x0000000726400000| PB 0x0000000726400000| Untracked |  0
|  36|0x0000000726600000, 0x0000000726600000, 0x0000000726800000|  0%| F|  |TAMS 0x0000000726600000| PB 0x0000000726600000| Untracked |  0
|  37|0x0000000726800000, 0x0000000726800000, 0x0000000726a00000|  0%| F|  |TAMS 0x0000000726800000| PB 0x0000000726800000| Untracked |  0
|  38|0x0000000726a00000, 0x0000000726a00000, 0x0000000726c00000|  0%| F|  |TAMS 0x0000000726a00000| PB 0x0000000726a00000| Untracked |  0
|  39|0x0000000726c00000, 0x0000000726c00000, 0x0000000726e00000|  0%| F|  |TAMS 0x0000000726c00000| PB 0x0000000726c00000| Untracked |  0
|  40|0x0000000726e00000, 0x0000000726e00000, 0x0000000727000000|  0%| F|  |TAMS 0x0000000726e00000| PB 0x0000000726e00000| Untracked |  0
|  41|0x0000000727000000, 0x0000000727000000, 0x0000000727200000|  0%| F|  |TAMS 0x0000000727000000| PB 0x0000000727000000| Untracked |  0
|  42|0x0000000727200000, 0x0000000727200000, 0x0000000727400000|  0%| F|  |TAMS 0x0000000727200000| PB 0x0000000727200000| Untracked |  0
|  43|0x0000000727400000, 0x0000000727400000, 0x0000000727600000|  0%| F|  |TAMS 0x0000000727400000| PB 0x0000000727400000| Untracked |  0
|  44|0x0000000727600000, 0x0000000727600000, 0x0000000727800000|  0%| F|  |TAMS 0x0000000727600000| PB 0x0000000727600000| Untracked |  0
|  45|0x0000000727800000, 0x0000000727800000, 0x0000000727a00000|  0%| F|  |TAMS 0x0000000727800000| PB 0x0000000727800000| Untracked |  0
|  46|0x0000000727a00000, 0x0000000727a00000, 0x0000000727c00000|  0%| F|  |TAMS 0x0000000727a00000| PB 0x0000000727a00000| Untracked |  0
|  47|0x0000000727c00000, 0x0000000727c00000, 0x0000000727e00000|  0%| F|  |TAMS 0x0000000727c00000| PB 0x0000000727c00000| Untracked |  0
|  48|0x0000000727e00000, 0x0000000727e00000, 0x0000000728000000|  0%| F|  |TAMS 0x0000000727e00000| PB 0x0000000727e00000| Untracked |  0
|  49|0x0000000728000000, 0x0000000728000000, 0x0000000728200000|  0%| F|  |TAMS 0x0000000728000000| PB 0x0000000728000000| Untracked |  0
|  50|0x0000000728200000, 0x0000000728200000, 0x0000000728400000|  0%| F|  |TAMS 0x0000000728200000| PB 0x0000000728200000| Untracked |  0
|  51|0x0000000728400000, 0x0000000728400000, 0x0000000728600000|  0%| F|  |TAMS 0x0000000728400000| PB 0x0000000728400000| Untracked |  0
|  52|0x0000000728600000, 0x0000000728600000, 0x0000000728800000|  0%| F|  |TAMS 0x0000000728600000| PB 0x0000000728600000| Untracked |  0
|  53|0x0000000728800000, 0x0000000728800000, 0x0000000728a00000|  0%| F|  |TAMS 0x0000000728800000| PB 0x0000000728800000| Untracked |  0
|  54|0x0000000728a00000, 0x0000000728a00000, 0x0000000728c00000|  0%| F|  |TAMS 0x0000000728a00000| PB 0x0000000728a00000| Untracked |  0
|  55|0x0000000728c00000, 0x0000000728c00000, 0x0000000728e00000|  0%| F|  |TAMS 0x0000000728c00000| PB 0x0000000728c00000| Untracked |  0
|  56|0x0000000728e00000, 0x0000000728e00000, 0x0000000729000000|  0%| F|  |TAMS 0x0000000728e00000| PB 0x0000000728e00000| Untracked |  0
|  57|0x0000000729000000, 0x0000000729000000, 0x0000000729200000|  0%| F|  |TAMS 0x0000000729000000| PB 0x0000000729000000| Untracked |  0
|  58|0x0000000729200000, 0x0000000729200000, 0x0000000729400000|  0%| F|  |TAMS 0x0000000729200000| PB 0x0000000729200000| Untracked |  0
|  59|0x0000000729400000, 0x0000000729400000, 0x0000000729600000|  0%| F|  |TAMS 0x0000000729400000| PB 0x0000000729400000| Untracked |  0
|  60|0x0000000729600000, 0x0000000729600000, 0x0000000729800000|  0%| F|  |TAMS 0x0000000729600000| PB 0x0000000729600000| Untracked |  0
|  61|0x0000000729800000, 0x0000000729800000, 0x0000000729a00000|  0%| F|  |TAMS 0x0000000729800000| PB 0x0000000729800000| Untracked |  0
|  62|0x0000000729a00000, 0x0000000729a00000, 0x0000000729c00000|  0%| F|  |TAMS 0x0000000729a00000| PB 0x0000000729a00000| Untracked |  0
|  63|0x0000000729c00000, 0x0000000729c00000, 0x0000000729e00000|  0%| F|  |TAMS 0x0000000729c00000| PB 0x0000000729c00000| Untracked |  0
|  64|0x0000000729e00000, 0x0000000729e00000, 0x000000072a000000|  0%| F|  |TAMS 0x0000000729e00000| PB 0x0000000729e00000| Untracked |  0
|  65|0x000000072a000000, 0x000000072a000000, 0x000000072a200000|  0%| F|  |TAMS 0x000000072a000000| PB 0x000000072a000000| Untracked |  0
|  66|0x000000072a200000, 0x000000072a200000, 0x000000072a400000|  0%| F|  |TAMS 0x000000072a200000| PB 0x000000072a200000| Untracked |  0
|  67|0x000000072a400000, 0x000000072a400000, 0x000000072a600000|  0%| F|  |TAMS 0x000000072a400000| PB 0x000000072a400000| Untracked |  0
|  68|0x000000072a600000, 0x000000072a600000, 0x000000072a800000|  0%| F|  |TAMS 0x000000072a600000| PB 0x000000072a600000| Untracked |  0
|  69|0x000000072a800000, 0x000000072a800000, 0x000000072aa00000|  0%| F|  |TAMS 0x000000072a800000| PB 0x000000072a800000| Untracked |  0
|  70|0x000000072aa00000, 0x000000072aa00000, 0x000000072ac00000|  0%| F|  |TAMS 0x000000072aa00000| PB 0x000000072aa00000| Untracked |  0
|  71|0x000000072ac00000, 0x000000072ac00000, 0x000000072ae00000|  0%| F|  |TAMS 0x000000072ac00000| PB 0x000000072ac00000| Untracked |  0
|  72|0x000000072ae00000, 0x000000072ae00000, 0x000000072b000000|  0%| F|  |TAMS 0x000000072ae00000| PB 0x000000072ae00000| Untracked |  0
|  73|0x000000072b000000, 0x000000072b000000, 0x000000072b200000|  0%| F|  |TAMS 0x000000072b000000| PB 0x000000072b000000| Untracked |  0
|  74|0x000000072b200000, 0x000000072b200000, 0x000000072b400000|  0%| F|  |TAMS 0x000000072b200000| PB 0x000000072b200000| Untracked |  0
|  75|0x000000072b400000, 0x000000072b400000, 0x000000072b600000|  0%| F|  |TAMS 0x000000072b400000| PB 0x000000072b400000| Untracked |  0
|  76|0x000000072b600000, 0x000000072b600000, 0x000000072b800000|  0%| F|  |TAMS 0x000000072b600000| PB 0x000000072b600000| Untracked |  0
|  77|0x000000072b800000, 0x000000072b800000, 0x000000072ba00000|  0%| F|  |TAMS 0x000000072b800000| PB 0x000000072b800000| Untracked |  0
|  78|0x000000072ba00000, 0x000000072ba00000, 0x000000072bc00000|  0%| F|  |TAMS 0x000000072ba00000| PB 0x000000072ba00000| Untracked |  0
|  79|0x000000072bc00000, 0x000000072bc00000, 0x000000072be00000|  0%| F|  |TAMS 0x000000072bc00000| PB 0x000000072bc00000| Untracked |  0
|  80|0x000000072be00000, 0x000000072be00000, 0x000000072c000000|  0%| F|  |TAMS 0x000000072be00000| PB 0x000000072be00000| Untracked |  0
|  81|0x000000072c000000, 0x000000072c000000, 0x000000072c200000|  0%| F|  |TAMS 0x000000072c000000| PB 0x000000072c000000| Untracked |  0
|  82|0x000000072c200000, 0x000000072c200000, 0x000000072c400000|  0%| F|  |TAMS 0x000000072c200000| PB 0x000000072c200000| Untracked |  0
|  83|0x000000072c400000, 0x000000072c400000, 0x000000072c600000|  0%| F|  |TAMS 0x000000072c400000| PB 0x000000072c400000| Untracked |  0
|  84|0x000000072c600000, 0x000000072c600000, 0x000000072c800000|  0%| F|  |TAMS 0x000000072c600000| PB 0x000000072c600000| Untracked |  0
|  85|0x000000072c800000, 0x000000072c800000, 0x000000072ca00000|  0%| F|  |TAMS 0x000000072c800000| PB 0x000000072c800000| Untracked |  0
|  86|0x000000072ca00000, 0x000000072ca00000, 0x000000072cc00000|  0%| F|  |TAMS 0x000000072ca00000| PB 0x000000072ca00000| Untracked |  0
|  87|0x000000072cc00000, 0x000000072cc00000, 0x000000072ce00000|  0%| F|  |TAMS 0x000000072cc00000| PB 0x000000072cc00000| Untracked |  0
|  88|0x000000072ce00000, 0x000000072ce00000, 0x000000072d000000|  0%| F|  |TAMS 0x000000072ce00000| PB 0x000000072ce00000| Untracked |  0
|  89|0x000000072d000000, 0x000000072d000000, 0x000000072d200000|  0%| F|  |TAMS 0x000000072d000000| PB 0x000000072d000000| Untracked |  0
|  90|0x000000072d200000, 0x000000072d200000, 0x000000072d400000|  0%| F|  |TAMS 0x000000072d200000| PB 0x000000072d200000| Untracked |  0
|  91|0x000000072d400000, 0x000000072d400000, 0x000000072d600000|  0%| F|  |TAMS 0x000000072d400000| PB 0x000000072d400000| Untracked |  0
|  92|0x000000072d600000, 0x000000072d600000, 0x000000072d800000|  0%| F|  |TAMS 0x000000072d600000| PB 0x000000072d600000| Untracked |  0
|  93|0x000000072d800000, 0x000000072d800000, 0x000000072da00000|  0%| F|  |TAMS 0x000000072d800000| PB 0x000000072d800000| Untracked |  0
|  94|0x000000072da00000, 0x000000072da00000, 0x000000072dc00000|  0%| F|  |TAMS 0x000000072da00000| PB 0x000000072da00000| Untracked |  0
|  95|0x000000072dc00000, 0x000000072dc00000, 0x000000072de00000|  0%| F|  |TAMS 0x000000072dc00000| PB 0x000000072dc00000| Untracked |  0
|  96|0x000000072de00000, 0x000000072de00000, 0x000000072e000000|  0%| F|  |TAMS 0x000000072de00000| PB 0x000000072de00000| Untracked |  0
|  97|0x000000072e000000, 0x000000072e000000, 0x000000072e200000|  0%| F|  |TAMS 0x000000072e000000| PB 0x000000072e000000| Untracked |  0
|  98|0x000000072e200000, 0x000000072e200000, 0x000000072e400000|  0%| F|  |TAMS 0x000000072e200000| PB 0x000000072e200000| Untracked |  0
|  99|0x000000072e400000, 0x000000072e400000, 0x000000072e600000|  0%| F|  |TAMS 0x000000072e400000| PB 0x000000072e400000| Untracked |  0
| 100|0x000000072e600000, 0x000000072e600000, 0x000000072e800000|  0%| F|  |TAMS 0x000000072e600000| PB 0x000000072e600000| Untracked |  0
| 101|0x000000072e800000, 0x000000072e800000, 0x000000072ea00000|  0%| F|  |TAMS 0x000000072e800000| PB 0x000000072e800000| Untracked |  0
| 102|0x000000072ea00000, 0x000000072ea00000, 0x000000072ec00000|  0%| F|  |TAMS 0x000000072ea00000| PB 0x000000072ea00000| Untracked |  0
| 103|0x000000072ec00000, 0x000000072ee00000, 0x000000072ee00000|100%| E|  |TAMS 0x000000072ec00000| PB 0x000000072ec00000| Complete |  0
| 104|0x000000072ee00000, 0x000000072f000000, 0x000000072f000000|100%| E|CS|TAMS 0x000000072ee00000| PB 0x000000072ee00000| Complete |  0
| 105|0x000000072f000000, 0x000000072f200000, 0x000000072f200000|100%| E|CS|TAMS 0x000000072f000000| PB 0x000000072f000000| Complete |  0
| 106|0x000000072f200000, 0x000000072f400000, 0x000000072f400000|100%| E|CS|TAMS 0x000000072f200000| PB 0x000000072f200000| Complete |  0
| 107|0x000000072f400000, 0x000000072f600000, 0x000000072f600000|100%| E|CS|TAMS 0x000000072f400000| PB 0x000000072f400000| Complete |  0
| 108|0x000000072f600000, 0x000000072f800000, 0x000000072f800000|100%| E|CS|TAMS 0x000000072f600000| PB 0x000000072f600000| Complete |  0
| 109|0x000000072f800000, 0x000000072fa00000, 0x000000072fa00000|100%| E|CS|TAMS 0x000000072f800000| PB 0x000000072f800000| Complete |  0
| 110|0x000000072fa00000, 0x000000072fc00000, 0x000000072fc00000|100%| E|  |TAMS 0x000000072fa00000| PB 0x000000072fa00000| Complete |  0
| 111|0x000000072fc00000, 0x000000072fe00000, 0x000000072fe00000|100%| E|CS|TAMS 0x000000072fc00000| PB 0x000000072fc00000| Complete |  0
|1776|0x00000007ffe00000, 0x00000007fff257b8, 0x0000000800000000| 57%| O|  |TAMS 0x00000007ffe00000| PB 0x00000007ffe00000| Untracked |  0

Card table byte_map: [0x00000192ff160000,0x00000192ff860000] _byte_map_base: 0x00000192fb851000

Marking Bits: (CMBitMap*) 0x00000192e6efecd0
 Bits: [0x0000019280000000, 0x0000019283788000)

Polling page: 0x00000192e4cb0000

Metaspace:
Metaspace        used 2865K, committed 3008K, reserved 1114112K
 class space     used 297K, committed 384K, reserved 1048576K

Usage:
  Non-class:      2.51 MB used.
      Class:    297.30 KB used.
       Both:      2.80 MB used.

Virtual space:
  Non-class space:       64.00 MB reserved,       2.56 MB (  4%) committed,  1 nodes.
      Class space:        1.00 GB reserved,     384.00 KB ( <1%) committed,  1 nodes.
             Both:        1.06 GB reserved,       2.94 MB ( <1%) committed. 

Chunk freelists:
   Non-Class:  10.88 MB
       Class:  15.58 MB
        Both:  26.46 MB

MaxMetaspaceSize: unlimited
CompressedClassSpaceSize: 1.00 GB
Initial GC threshold: 21.00 MB
Current GC threshold: 21.00 MB
CDS: on
 - commit_granule_bytes: 65536.
 - commit_granule_words: 8192.
 - virtual_space_node_default_size: 8388608.
 - enlarge_chunks_in_place: 1.
UseCompressedClassPointers 1, UseCompactObjectHeaders 0
Narrow klass pointer bits 32, Max shift 3
Narrow klass base: 0x0000000034000000, Narrow klass shift: 0
Encoding Range: [0x0000000034000000 - 0x0000000134000000), (4294967296 bytes)
Klass Range:    [0x0000000034010000 - 0x0000000075000000), (1090453504 bytes)
Klass ID Range:  [65536 - 1090519033) (1090453497)
Protection zone: [0x0000000034000000 - 0x0000000034010000), (65536 bytes)


Internal statistics:

num_allocs_failed_limit: 0.
num_arena_births: 48.
num_arena_deaths: 0.
num_vsnodes_births: 2.
num_vsnodes_deaths: 0.
num_space_committed: 47.
num_space_uncommitted: 0.
num_chunks_returned_to_freelist: 0.
num_chunks_taken_from_freelist: 112.
num_chunk_merges: 0.
num_chunk_splits: 73.
num_chunks_enlarged: 54.
num_inconsistent_stats: 0.

CodeHeap 'non-profiled nmethods': size=120064Kb used=289Kb max_used=289Kb free=119774Kb
 bounds [0x00000192f71f0000, 0x00000192f7460000, 0x00000192fe730000]
CodeHeap 'profiled nmethods': size=120000Kb used=863Kb max_used=863Kb free=119136Kb
 bounds [0x00000192ef730000, 0x00000192ef9a0000, 0x00000192f6c60000]
CodeHeap 'non-nmethods': size=5696Kb used=1347Kb max_used=1458Kb free=4348Kb
 bounds [0x00000192f6c60000, 0x00000192f6ed0000, 0x00000192f71f0000]
CodeCache: size=245760Kb, used=2499Kb, max_used=2610Kb, free=243258Kb
 total_blobs=1258, nmethods=783, adapters=379, full_count=0
Compilation: enabled, stopped_count=0, restarted_count=0

Compilation events (20 events):
Event: 0.558 Thread 0x0000019285a1c7f0 nmethod 770 0x00000192ef806108 code [0x00000192ef806200, 0x00000192ef806650]
Event: 0.558 Thread 0x0000019285a1c7f0  772       3       jdk.internal.classfile.impl.AbstractPoolEntry$AbstractNamedEntry::<init> (10 bytes)
Event: 0.558 Thread 0x0000019285a1c7f0 nmethod 772 0x00000192ef806688 code [0x00000192ef806780, 0x00000192ef8068b0]
Event: 0.558 Thread 0x0000019285a1c7f0  774       1       jdk.internal.classfile.impl.BufWriterImpl::constantPool (5 bytes)
Event: 0.558 Thread 0x0000019285a1c7f0 nmethod 774 0x00000192f7236b08 code [0x00000192f7236c00, 0x00000192f7236cc8]
Event: 0.558 Thread 0x0000019285a1c7f0  775       1       jdk.internal.classfile.impl.AbstractAttributeMapper::name (5 bytes)
Event: 0.558 Thread 0x0000019285a1c7f0 nmethod 775 0x00000192f7236e08 code [0x00000192f7236f00, 0x00000192f7236fc8]
Event: 0.558 Thread 0x0000019285a1c7f0  773       1       java.lang.invoke.LambdaForm$BasicType::basicTypeClass (5 bytes)
Event: 0.558 Thread 0x0000019285a1c7f0 nmethod 773 0x00000192f7237108 code [0x00000192f7237200, 0x00000192f72372c8]
Event: 0.559 Thread 0x0000019285a1c7f0  776       3       jdk.internal.classfile.impl.AbstractPoolEntry$NameAndTypeEntryImpl::type (8 bytes)
Event: 0.559 Thread 0x0000019285a1c7f0 nmethod 776 0x00000192ef806988 code [0x00000192ef806a80, 0x00000192ef806c78]
Event: 0.560 Thread 0x0000019285a1c7f0  779       3       java.lang.invoke.MethodType::parameterSlotCount (8 bytes)
Event: 0.560 Thread 0x0000019285a1c7f0 nmethod 779 0x00000192ef806c88 code [0x00000192ef806d80, 0x00000192ef806f30]
Event: 0.560 Thread 0x0000019285a1c7f0  781   !   3       sun.invoke.util.VerifyAccess::ensureTypeVisible (99 bytes)
Event: 0.560 Thread 0x0000019285a1c7f0 nmethod 781 0x00000192ef806f88 code [0x00000192ef807080, 0x00000192ef8079e0]
Event: 0.560 Thread 0x0000019285a1c7f0  782       3       java.lang.invoke.LambdaForm::parameter (38 bytes)
Event: 0.560 Thread 0x0000019285a1c7f0 nmethod 782 0x00000192ef807a08 code [0x00000192ef807b00, 0x00000192ef807c48]
Event: 0.560 Thread 0x0000019285a1c7f0  783       1       java.lang.invoke.LambdaForm$Name::type (5 bytes)
Event: 0.560 Thread 0x0000019285a1c7f0 nmethod 783 0x00000192f7237d08 code [0x00000192f7237e00, 0x00000192f7237ec8]
Event: 0.561 Thread 0x0000019285b55750 nmethod 769 0x00000192f7238008 code [0x00000192f7238100, 0x00000192f7238418]

GC Heap Usage History (0 events):
No events

Metaspace Usage History (0 events):
No events

Dll operation events (20 events):
Event: 0.412 Loaded shared library C:\Users\HP\Desktop\GameVersePro\lib\javafx\bin\api-ms-win-crt-filesystem-l1-1-0.dll
Event: 0.417 Loaded shared library C:\Users\HP\Desktop\GameVersePro\lib\javafx\bin\api-ms-win-crt-heap-l1-1-0.dll
Event: 0.420 Loaded shared library C:\Users\HP\Desktop\GameVersePro\lib\javafx\bin\api-ms-win-crt-locale-l1-1-0.dll
Event: 0.423 Loaded shared library C:\Users\HP\Desktop\GameVersePro\lib\javafx\bin\api-ms-win-crt-math-l1-1-0.dll
Event: 0.426 Loaded shared library C:\Users\HP\Desktop\GameVersePro\lib\javafx\bin\api-ms-win-crt-multibyte-l1-1-0.dll
Event: 0.430 Loaded shared library C:\Users\HP\Desktop\GameVersePro\lib\javafx\bin\api-ms-win-crt-private-l1-1-0.dll
Event: 0.433 Loaded shared library C:\Users\HP\Desktop\GameVersePro\lib\javafx\bin\api-ms-win-crt-process-l1-1-0.dll
Event: 0.436 Loaded shared library C:\Users\HP\Desktop\GameVersePro\lib\javafx\bin\api-ms-win-crt-runtime-l1-1-0.dll
Event: 0.440 Loaded shared library C:\Users\HP\Desktop\GameVersePro\lib\javafx\bin\api-ms-win-crt-stdio-l1-1-0.dll
Event: 0.443 Loaded shared library C:\Users\HP\Desktop\GameVersePro\lib\javafx\bin\api-ms-win-crt-string-l1-1-0.dll
Event: 0.446 Loaded shared library C:\Users\HP\Desktop\GameVersePro\lib\javafx\bin\api-ms-win-crt-time-l1-1-0.dll
Event: 0.450 Loaded shared library C:\Users\HP\Desktop\GameVersePro\lib\javafx\bin\api-ms-win-crt-utility-l1-1-0.dll
Event: 0.455 Loaded shared library C:\Users\HP\Desktop\GameVersePro\lib\javafx\bin\ucrtbase.dll
Event: 0.459 Loaded shared library C:\Users\HP\Desktop\GameVersePro\lib\javafx\bin\vcruntime140.dll
Event: 0.463 Loaded shared library C:\Users\HP\Desktop\GameVersePro\lib\javafx\bin\vcruntime140_1.dll
Event: 0.467 Loaded shared library C:\Users\HP\Desktop\GameVersePro\lib\javafx\bin\msvcp140.dll
Event: 0.470 Loaded shared library C:\Users\HP\Desktop\GameVersePro\lib\javafx\bin\msvcp140_1.dll
Event: 0.476 Loaded shared library C:\Users\HP\Desktop\GameVersePro\lib\javafx\bin\msvcp140_2.dll
Event: 0.518 Loaded shared library C:\Users\HP\Desktop\GameVersePro\lib\javafx\bin\prism_sw.dll
Event: 0.545 Loaded shared library C:\Users\HP\Desktop\GameVersePro\lib\javafx\bin\glass.dll

Deoptimization events (20 events):
Event: 0.537 Thread 0x00000192e49f3980 Uncommon trap: trap_request=0xffffffc6 fr.pc=0x00000192f72108f8 relative=0x0000000000000cf8
Event: 0.537 Thread 0x00000192e49f3980 Uncommon trap: reason=bimorphic_or_optimized_type_check action=maybe_recompile pc=0x00000192f72108f8 method=java.util.HashMap.putVal(ILjava/lang/Object;Ljava/lang/Object;ZZ)Ljava/lang/Object; @ 56 c2
Event: 0.537 Thread 0x00000192e49f3980 DEOPT PACKING pc=0x00000192f72108f8 sp=0x0000001ff76fd890
Event: 0.537 Thread 0x00000192e49f3980 DEOPT UNPACKING pc=0x00000192f6d7fc02 sp=0x0000001ff76fd7e8 mode 2
Event: 0.537 Thread 0x00000192e49f3980 Uncommon trap: trap_request=0xffffffc6 fr.pc=0x00000192f72108f8 relative=0x0000000000000cf8
Event: 0.537 Thread 0x00000192e49f3980 Uncommon trap: reason=bimorphic_or_optimized_type_check action=maybe_recompile pc=0x00000192f72108f8 method=java.util.HashMap.putVal(ILjava/lang/Object;Ljava/lang/Object;ZZ)Ljava/lang/Object; @ 56 c2
Event: 0.537 Thread 0x00000192e49f3980 DEOPT PACKING pc=0x00000192f72108f8 sp=0x0000001ff76fd890
Event: 0.537 Thread 0x00000192e49f3980 DEOPT UNPACKING pc=0x00000192f6d7fc02 sp=0x0000001ff76fd7e8 mode 2
Event: 0.537 Thread 0x00000192e49f3980 Uncommon trap: trap_request=0xffffffc6 fr.pc=0x00000192f72108f8 relative=0x0000000000000cf8
Event: 0.537 Thread 0x00000192e49f3980 Uncommon trap: reason=bimorphic_or_optimized_type_check action=maybe_recompile pc=0x00000192f72108f8 method=java.util.HashMap.putVal(ILjava/lang/Object;Ljava/lang/Object;ZZ)Ljava/lang/Object; @ 56 c2
Event: 0.537 Thread 0x00000192e49f3980 DEOPT PACKING pc=0x00000192f72108f8 sp=0x0000001ff76fd890
Event: 0.537 Thread 0x00000192e49f3980 DEOPT UNPACKING pc=0x00000192f6d7fc02 sp=0x0000001ff76fd7e8 mode 2
Event: 0.537 Thread 0x00000192e49f3980 Uncommon trap: trap_request=0xffffffc6 fr.pc=0x00000192f721093c relative=0x0000000000000d3c
Event: 0.537 Thread 0x00000192e49f3980 Uncommon trap: reason=bimorphic_or_optimized_type_check action=maybe_recompile pc=0x00000192f721093c method=java.util.HashMap.putVal(ILjava/lang/Object;Ljava/lang/Object;ZZ)Ljava/lang/Object; @ 152 c2
Event: 0.537 Thread 0x00000192e49f3980 DEOPT PACKING pc=0x00000192f721093c sp=0x0000001ff76fd890
Event: 0.537 Thread 0x00000192e49f3980 DEOPT UNPACKING pc=0x00000192f6d7fc02 sp=0x0000001ff76fd7f0 mode 2
Event: 0.537 Thread 0x00000192e49f3980 Uncommon trap: trap_request=0xffffffc6 fr.pc=0x00000192f721093c relative=0x0000000000000d3c
Event: 0.537 Thread 0x00000192e49f3980 Uncommon trap: reason=bimorphic_or_optimized_type_check action=maybe_recompile pc=0x00000192f721093c method=java.util.HashMap.putVal(ILjava/lang/Object;Ljava/lang/Object;ZZ)Ljava/lang/Object; @ 152 c2
Event: 0.537 Thread 0x00000192e49f3980 DEOPT PACKING pc=0x00000192f721093c sp=0x0000001ff76fd890
Event: 0.537 Thread 0x00000192e49f3980 DEOPT UNPACKING pc=0x00000192f6d7fc02 sp=0x0000001ff76fd7f0 mode 2

Classes loaded (20 events):
Event: 0.537 Loading class java/lang/ProcessEnvironment$NameComparator
Event: 0.537 Loading class java/lang/ProcessEnvironment$NameComparator done
Event: 0.537 Loading class java/lang/ProcessEnvironment$EntryComparator
Event: 0.537 Loading class java/lang/ProcessEnvironment$EntryComparator done
Event: 0.537 Loading class java/lang/ProcessEnvironment$CheckedEntrySet
Event: 0.537 Loading class java/lang/ProcessEnvironment$CheckedEntrySet done
Event: 0.538 Loading class java/lang/ProcessEnvironment$CheckedEntrySet$1
Event: 0.538 Loading class java/lang/ProcessEnvironment$CheckedEntrySet$1 done
Event: 0.538 Loading class java/lang/ProcessEnvironment$CheckedEntry
Event: 0.538 Loading class java/lang/ProcessEnvironment$CheckedEntry done
Event: 0.546 Loading class java/lang/Throwable$WrappedPrintStream
Event: 0.546 Loading class java/lang/Throwable$PrintStreamOrWriter
Event: 0.546 Loading class java/lang/Throwable$PrintStreamOrWriter done
Event: 0.546 Loading class java/lang/Throwable$WrappedPrintStream done
Event: 0.547 Loading class java/lang/StackTraceElement$HashedModules
Event: 0.547 Loading class java/lang/StackTraceElement$HashedModules done
Event: 0.553 Loading class java/util/concurrent/BlockingDeque
Event: 0.553 Loading class java/util/concurrent/BlockingDeque done
Event: 0.554 Loading class java/util/concurrent/LinkedBlockingDeque
Event: 0.555 Loading class java/util/concurrent/LinkedBlockingDeque done

Classes unloaded (0 events):
No events

Classes redefined (0 events):
No events

Internal exceptions (12 events):
Event: 0.090 Thread 0x00000192e49f3980 Exception <a 'sun/nio/fs/WindowsException'{0x000000072fcc0b70}> (0x000000072fcc0b70) 
thrown [s\open\src\hotspot\share\prims\jni.cpp, line 516]
Event: 0.176 Thread 0x00000192e49f3980 Implicit null exception at 0x00000192f7205c33 to 0x00000192f7205dd0
Event: 0.221 Thread 0x00000192e49f3980 Exception <a 'java/lang/NoSuchMethodError'{0x000000072f5d1d30}: 'void java.lang.invoke.DirectMethodHandle$Holder.invokeSpecial(java.lang.Object, java.lang.Object, java.lang.Object)'> (0x000000072f5d1d30) 
thrown [s\open\src\hotspot\share\interpreter\linkResolver.cpp, line 804]
Event: 0.244 Thread 0x00000192e49f3980 Exception <a 'java/lang/NoSuchMethodError'{0x000000072f25ac40}: 'void java.lang.invoke.DirectMethodHandle$Holder.invokeStatic(java.lang.Object, java.lang.Object, java.lang.Object, java.lang.Object)'> (0x000000072f25ac40) 
thrown [s\open\src\hotspot\share\interpreter\linkResolver.cpp, line 804]
Event: 0.245 Thread 0x00000192e49f3980 Exception <a 'java/lang/NoSuchMethodError'{0x000000072f263178}: 'void java.lang.invoke.DirectMethodHandle$Holder.invokeSpecial(java.lang.Object, java.lang.Object, java.lang.Object, java.lang.Object, java.lang.Object)'> (0x000000072f263178) 
thrown [s\open\src\hotspot\share\interpreter\linkResolver.cpp, line 804]
Event: 0.251 Thread 0x00000192e49f3980 Exception <a 'java/lang/NoSuchMethodError'{0x000000072f28e740}: 'java.lang.Object java.lang.invoke.Invokers$Holder.invokeExact_MT(java.lang.Object, java.lang.Object, java.lang.Object, java.lang.Object, java.lang.Object, java.lang.Object)'> (0x000000072f28e740) 
thrown [s\open\src\hotspot\share\interpreter\linkResolver.cpp, line 804]
Event: 0.253 Thread 0x00000192e49f3980 Exception <a 'java/lang/NoSuchMethodError'{0x000000072f297ca0}: 'void java.lang.invoke.DirectMethodHandle$Holder.invokeStatic(java.lang.Object, java.lang.Object)'> (0x000000072f297ca0) 
thrown [s\open\src\hotspot\share\interpreter\linkResolver.cpp, line 804]
Event: 0.489 Thread 0x00000192e49f3980 Exception <a 'java/lang/NoSuchMethodError'{0x000000072f18fcd8}: 'java.lang.Object java.lang.invoke.DirectMethodHandle$Holder.invokeStaticInit(java.lang.Object)'> (0x000000072f18fcd8) 
thrown [s\open\src\hotspot\share\interpreter\linkResolver.cpp, line 804]
Event: 0.511 Thread 0x00000192e49f3980 Exception <a 'java/lang/NoSuchMethodError'{0x000000072ee79ff8}: 'void java.lang.invoke.DirectMethodHandle$Holder.invokeStatic(java.lang.Object, java.lang.Object, java.lang.Object)'> (0x000000072ee79ff8) 
thrown [s\open\src\hotspot\share\interpreter\linkResolver.cpp, line 804]
Event: 0.546 Thread 0x00000192e49f3980 Exception <a 'java/lang/NoSuchMethodError'{0x000000072ec5b240}: notifyThemeChanged> (0x000000072ec5b240) 
thrown [s\open\src\hotspot\share\prims\jni.cpp, line 1072]
Event: 0.559 Thread 0x00000192e49f3980 Exception <a 'java/lang/NoSuchMethodError'{0x000000072ec7c1e8}: 'java.lang.Object java.lang.invoke.DirectMethodHandle$Holder.newInvokeSpecial(java.lang.Object, java.lang.Object, int, java.lang.Object)'> (0x000000072ec7c1e8) 
thrown [s\open\src\hotspot\share\interpreter\linkResolver.cpp, line 804]
Event: 0.560 Thread 0x00000192e49f3980 Exception <a 'java/lang/NoSuchMethodError'{0x000000072ec85060}: 'java.lang.Object java.lang.invoke.Invokers$Holder.linkToTargetMethod(java.lang.Object, int, java.lang.Object, java.lang.Object)'> (0x000000072ec85060) 
thrown [s\open\src\hotspot\share\interpreter\linkResolver.cpp, line 804]

VM Operations (6 events):
Event: 0.096 Executing non-safepoint VM operation: HandshakeAllThreads (Deoptimize)
Event: 0.096 Executing non-safepoint VM operation: HandshakeAllThreads (Deoptimize) done
Event: 0.169 Executing non-safepoint VM operation: HandshakeAllThreads (Deoptimize)
Event: 0.169 Executing non-safepoint VM operation: HandshakeAllThreads (Deoptimize) done
Event: 0.537 Executing non-safepoint VM operation: HandshakeAllThreads (Deoptimize)
Event: 0.537 Executing non-safepoint VM operation: HandshakeAllThreads (Deoptimize) done

Memory protections (0 events):
No events

Nmethod flushes (0 events):
No events

Events (17 events):
Event: 0.035 Thread 0x00000192e49f3980 Thread added: 0x00000192e49f3980
Event: 0.052 Thread 0x00000192e49f3980 Thread added: 0x00000192859f4df0
Event: 0.052 Thread 0x00000192e49f3980 Thread added: 0x00000192859f5850
Event: 0.053 Thread 0x00000192e49f3980 Thread added: 0x00000192859fa650
Event: 0.053 Thread 0x00000192e49f3980 Thread added: 0x00000192859fc5f0
Event: 0.053 Thread 0x00000192e49f3980 Thread added: 0x00000192859fed30
Event: 0.053 Thread 0x00000192e49f3980 Thread added: 0x0000019285a045a0
Event: 0.053 Thread 0x00000192e49f3980 Thread added: 0x0000019285a15ff0
Event: 0.053 Thread 0x00000192e49f3980 Thread added: 0x0000019285a1c7f0
Event: 0.083 Thread 0x00000192e49f3980 Thread added: 0x0000019285a0f710
Event: 0.132 Thread 0x0000019285a1c7f0 Thread added: 0x0000019285b55750
Event: 0.135 Thread 0x0000019285a1c7f0 Thread added: 0x0000019285c03360
Event: 0.185 Thread 0x00000192e49f3980 Thread added: 0x0000019285a0e770
Event: 0.489 Thread 0x0000019285c03360 Thread exited: 0x0000019285c03360
Event: 0.513 Thread 0x00000192e49f3980 Thread added: 0x0000019285a11e20
Event: 0.556 Thread 0x00000192e49f3980 Thread added: 0x0000019285a14530
Event: 0.560 Thread 0x00000192e49f3980 Thread added: 0x0000019285e5e5e0


Dynamic libraries:
0x00007ff63f8c0000 - 0x00007ff63f8d0000 	C:\Program Files\Java\jdk-25.0.2\bin\java.exe
0x00007ffb4f5c0000 - 0x00007ffb4f827000 	C:\Windows\SYSTEM32\ntdll.dll
0x00007ffb4e350000 - 0x00007ffb4e419000 	C:\Windows\System32\KERNEL32.DLL
0x00007ffb4ceb0000 - 0x00007ffb4d2a1000 	C:\Windows\System32\KERNELBASE.dll
0x00007ffb4c800000 - 0x00007ffb4c94b000 	C:\Windows\System32\ucrtbase.dll
0x00007ffb28cc0000 - 0x00007ffb28cde000 	C:\Program Files\Java\jdk-25.0.2\bin\VCRUNTIME140.dll
0x00007ffb28be0000 - 0x00007ffb28bf7000 	C:\Program Files\Java\jdk-25.0.2\bin\jli.dll
0x00007ffb4dea0000 - 0x00007ffb4e065000 	C:\Windows\System32\USER32.dll
0x00007ffb32a70000 - 0x00007ffb32d03000 	C:\Windows\WinSxS\amd64_microsoft.windows.common-controls_6595b64144ccf1df_6.0.26100.7922_none_3e089e1ee3342171\COMCTL32.dll
0x00007ffb4bf60000 - 0x00007ffb4bf87000 	C:\Windows\System32\win32u.dll
0x00007ffb4d480000 - 0x00007ffb4d529000 	C:\Windows\System32\msvcrt.dll
0x00007ffb4d740000 - 0x00007ffb4d76b000 	C:\Windows\System32\GDI32.dll
0x00007ffb4cd80000 - 0x00007ffb4ceaa000 	C:\Windows\System32\gdi32full.dll
0x00007ffb4ccd0000 - 0x00007ffb4cd73000 	C:\Windows\System32\msvcp_win.dll
0x00007ffb4e420000 - 0x00007ffb4e451000 	C:\Windows\System32\IMM32.DLL
0x00007ffb26e00000 - 0x00007ffb26e0c000 	C:\Program Files\Java\jdk-25.0.2\bin\vcruntime140_1.dll
0x00007ffae6b60000 - 0x00007ffae6bed000 	C:\Program Files\Java\jdk-25.0.2\bin\msvcp140.dll
0x00007ffac9f30000 - 0x00007ffacad8f000 	C:\Program Files\Java\jdk-25.0.2\bin\server\jvm.dll
0x00007ffb4dcc0000 - 0x00007ffb4dd7b000 	C:\Windows\System32\ADVAPI32.dll
0x00007ffb4d780000 - 0x00007ffb4d827000 	C:\Windows\System32\sechost.dll
0x00007ffb4e680000 - 0x00007ffb4e798000 	C:\Windows\System32\RPCRT4.dll
0x00007ffb4d530000 - 0x00007ffb4d5a4000 	C:\Windows\System32\WS2_32.dll
0x00007ffb4bd20000 - 0x00007ffb4bd7e000 	C:\Windows\SYSTEM32\POWRPROF.dll
0x00007ffb446a0000 - 0x00007ffb446d5000 	C:\Windows\SYSTEM32\WINMM.dll
0x00007ffb446e0000 - 0x00007ffb446eb000 	C:\Windows\SYSTEM32\VERSION.dll
0x00007ffb4bd00000 - 0x00007ffb4bd14000 	C:\Windows\SYSTEM32\UMPDC.dll
0x00007ffb4ac10000 - 0x00007ffb4ac2b000 	C:\Windows\SYSTEM32\kernel.appcore.dll
0x00007ffb26d10000 - 0x00007ffb26d1a000 	C:\Program Files\Java\jdk-25.0.2\bin\jimage.dll
0x00007ffb38970000 - 0x00007ffb38bb2000 	C:\Windows\SYSTEM32\DBGHELP.DLL
0x00007ffb4e810000 - 0x00007ffb4eb92000 	C:\Windows\System32\combase.dll
0x00007ffb4e070000 - 0x00007ffb4e147000 	C:\Windows\System32\OLEAUT32.dll
0x00007ffb30b90000 - 0x00007ffb30bcb000 	C:\Windows\SYSTEM32\dbgcore.DLL
0x00007ffb4d2b0000 - 0x00007ffb4d355000 	C:\Windows\System32\bcryptPrimitives.dll
0x00007ffb0b7a0000 - 0x00007ffb0b7bf000 	C:\Program Files\Java\jdk-25.0.2\bin\java.dll
0x00007ffb4eba0000 - 0x00007ffb4ed35000 	C:\Windows\System32\ole32.dll
0x00007ffb4edc0000 - 0x00007ffb4f51f000 	C:\Windows\System32\SHELL32.dll
0x00007ffb4c950000 - 0x00007ffb4caba000 	C:\Windows\System32\wintypes.dll
0x00007ffb4bf90000 - 0x00007ffb4c7f4000 	C:\Windows\System32\windows.storage.dll
0x00007ffb4d610000 - 0x00007ffb4d707000 	C:\Windows\System32\SHCORE.dll
0x00007ffb4e7a0000 - 0x00007ffb4e807000 	C:\Windows\System32\shlwapi.dll
0x00007ffb4bdc0000 - 0x00007ffb4bde9000 	C:\Windows\SYSTEM32\profapi.dll
0x00007ffb0aeb0000 - 0x00007ffb0aec2000 	C:\Program Files\Java\jdk-25.0.2\bin\net.dll
0x00007ffb4b1a0000 - 0x00007ffb4b20b000 	C:\Windows\system32\mswsock.dll
0x00007ffb09530000 - 0x00007ffb09546000 	C:\Program Files\Java\jdk-25.0.2\bin\nio.dll
0x00007ffb09510000 - 0x00007ffb09527000 	C:\Program Files\Java\jdk-25.0.2\bin\zip.dll
0x0000019285eb0000 - 0x0000019285eb3000 	C:\Users\HP\Desktop\GameVersePro\lib\javafx\bin\api-ms-win-core-console-l1-1-0.dll
0x0000019285fe0000 - 0x0000019285fe3000 	C:\Users\HP\Desktop\GameVersePro\lib\javafx\bin\api-ms-win-core-console-l1-2-0.dll
0x0000019285ec0000 - 0x0000019285ec3000 	C:\Users\HP\Desktop\GameVersePro\lib\javafx\bin\api-ms-win-core-datetime-l1-1-0.dll
0x0000019285ed0000 - 0x0000019285ed3000 	C:\Users\HP\Desktop\GameVersePro\lib\javafx\bin\api-ms-win-core-debug-l1-1-0.dll
0x0000019285ee0000 - 0x0000019285ee3000 	C:\Users\HP\Desktop\GameVersePro\lib\javafx\bin\api-ms-win-core-errorhandling-l1-1-0.dll
0x0000019285ef0000 - 0x0000019285ef4000 	C:\Users\HP\Desktop\GameVersePro\lib\javafx\bin\api-ms-win-core-file-l1-1-0.dll
0x0000019285f00000 - 0x0000019285f03000 	C:\Users\HP\Desktop\GameVersePro\lib\javafx\bin\api-ms-win-core-file-l1-2-0.dll
0x0000019285f10000 - 0x0000019285f13000 	C:\Users\HP\Desktop\GameVersePro\lib\javafx\bin\api-ms-win-core-file-l2-1-0.dll
0x0000019285f20000 - 0x0000019285f23000 	C:\Users\HP\Desktop\GameVersePro\lib\javafx\bin\api-ms-win-core-handle-l1-1-0.dll
0x0000019285f30000 - 0x0000019285f33000 	C:\Users\HP\Desktop\GameVersePro\lib\javafx\bin\api-ms-win-core-heap-l1-1-0.dll
0x0000019285f40000 - 0x0000019285f43000 	C:\Users\HP\Desktop\GameVersePro\lib\javafx\bin\api-ms-win-core-interlocked-l1-1-0.dll
0x0000019285f50000 - 0x0000019285f53000 	C:\Users\HP\Desktop\GameVersePro\lib\javafx\bin\api-ms-win-core-libraryloader-l1-1-0.dll
0x0000019285f60000 - 0x0000019285f63000 	C:\Users\HP\Desktop\GameVersePro\lib\javafx\bin\api-ms-win-core-localization-l1-2-0.dll
0x0000019285f70000 - 0x0000019285f73000 	C:\Users\HP\Desktop\GameVersePro\lib\javafx\bin\api-ms-win-core-memory-l1-1-0.dll
0x0000019285f80000 - 0x0000019285f83000 	C:\Users\HP\Desktop\GameVersePro\lib\javafx\bin\api-ms-win-core-namedpipe-l1-1-0.dll
0x0000019285f90000 - 0x0000019285f93000 	C:\Users\HP\Desktop\GameVersePro\lib\javafx\bin\api-ms-win-core-processenvironment-l1-1-0.dll
0x0000019285fa0000 - 0x0000019285fa3000 	C:\Users\HP\Desktop\GameVersePro\lib\javafx\bin\api-ms-win-core-processthreads-l1-1-0.dll
0x0000019285fb0000 - 0x0000019285fb3000 	C:\Users\HP\Desktop\GameVersePro\lib\javafx\bin\api-ms-win-core-processthreads-l1-1-1.dll
0x0000019285fc0000 - 0x0000019285fc3000 	C:\Users\HP\Desktop\GameVersePro\lib\javafx\bin\api-ms-win-core-profile-l1-1-0.dll
0x0000019285fd0000 - 0x0000019285fd3000 	C:\Users\HP\Desktop\GameVersePro\lib\javafx\bin\api-ms-win-core-rtlsupport-l1-1-0.dll
0x0000019285ff0000 - 0x0000019285ff3000 	C:\Users\HP\Desktop\GameVersePro\lib\javafx\bin\api-ms-win-core-string-l1-1-0.dll
0x000001928b930000 - 0x000001928b933000 	C:\Users\HP\Desktop\GameVersePro\lib\javafx\bin\api-ms-win-core-synch-l1-1-0.dll
0x000001928b940000 - 0x000001928b943000 	C:\Users\HP\Desktop\GameVersePro\lib\javafx\bin\api-ms-win-core-synch-l1-2-0.dll
0x000001928b950000 - 0x000001928b953000 	C:\Users\HP\Desktop\GameVersePro\lib\javafx\bin\api-ms-win-core-sysinfo-l1-1-0.dll
0x000001928b960000 - 0x000001928b963000 	C:\Users\HP\Desktop\GameVersePro\lib\javafx\bin\api-ms-win-core-timezone-l1-1-0.dll
0x000001928b970000 - 0x000001928b973000 	C:\Users\HP\Desktop\GameVersePro\lib\javafx\bin\api-ms-win-core-util-l1-1-0.dll
0x000001928b980000 - 0x000001928b983000 	C:\Users\HP\Desktop\GameVersePro\lib\javafx\bin\api-ms-win-crt-conio-l1-1-0.dll
0x000001928b990000 - 0x000001928b994000 	C:\Users\HP\Desktop\GameVersePro\lib\javafx\bin\api-ms-win-crt-convert-l1-1-0.dll
0x000001928b9a0000 - 0x000001928b9a3000 	C:\Users\HP\Desktop\GameVersePro\lib\javafx\bin\api-ms-win-crt-environment-l1-1-0.dll
0x000001928bad0000 - 0x000001928bad3000 	C:\Users\HP\Desktop\GameVersePro\lib\javafx\bin\api-ms-win-crt-filesystem-l1-1-0.dll
0x000001928bae0000 - 0x000001928bae3000 	C:\Users\HP\Desktop\GameVersePro\lib\javafx\bin\api-ms-win-crt-heap-l1-1-0.dll
0x000001928baf0000 - 0x000001928baf3000 	C:\Users\HP\Desktop\GameVersePro\lib\javafx\bin\api-ms-win-crt-locale-l1-1-0.dll
0x000001928bb00000 - 0x000001928bb05000 	C:\Users\HP\Desktop\GameVersePro\lib\javafx\bin\api-ms-win-crt-math-l1-1-0.dll
0x000001928bb10000 - 0x000001928bb15000 	C:\Users\HP\Desktop\GameVersePro\lib\javafx\bin\api-ms-win-crt-multibyte-l1-1-0.dll
0x000001928bb20000 - 0x000001928bb30000 	C:\Users\HP\Desktop\GameVersePro\lib\javafx\bin\api-ms-win-crt-private-l1-1-0.dll
0x000001928bb30000 - 0x000001928bb33000 	C:\Users\HP\Desktop\GameVersePro\lib\javafx\bin\api-ms-win-crt-process-l1-1-0.dll
0x000001928bac0000 - 0x000001928bac4000 	C:\Users\HP\Desktop\GameVersePro\lib\javafx\bin\api-ms-win-crt-runtime-l1-1-0.dll
0x000001928bc70000 - 0x000001928bc74000 	C:\Users\HP\Desktop\GameVersePro\lib\javafx\bin\api-ms-win-crt-stdio-l1-1-0.dll
0x000001928bc80000 - 0x000001928bc84000 	C:\Users\HP\Desktop\GameVersePro\lib\javafx\bin\api-ms-win-crt-string-l1-1-0.dll
0x000001928bc90000 - 0x000001928bc93000 	C:\Users\HP\Desktop\GameVersePro\lib\javafx\bin\api-ms-win-crt-time-l1-1-0.dll
0x000001928bca0000 - 0x000001928bca3000 	C:\Users\HP\Desktop\GameVersePro\lib\javafx\bin\api-ms-win-crt-utility-l1-1-0.dll
0x00007ffae3680000 - 0x00007ffae377c000 	C:\Users\HP\Desktop\GameVersePro\lib\javafx\bin\ucrtbase.dll
0x00007ffb094f0000 - 0x00007ffb0950b000 	C:\Users\HP\Desktop\GameVersePro\lib\javafx\bin\vcruntime140.dll
0x00007ffb26d00000 - 0x00007ffb26d0c000 	C:\Users\HP\Desktop\GameVersePro\lib\javafx\bin\vcruntime140_1.dll
0x00007ffae1a50000 - 0x00007ffae1ade000 	C:\Users\HP\Desktop\GameVersePro\lib\javafx\bin\msvcp140.dll
0x00007ffb1acd0000 - 0x00007ffb1acd9000 	C:\Users\HP\Desktop\GameVersePro\lib\javafx\bin\msvcp140_1.dll
0x00007ffb00670000 - 0x00007ffb006b1000 	C:\Users\HP\Desktop\GameVersePro\lib\javafx\bin\msvcp140_2.dll
0x00007ffb094d0000 - 0x00007ffb094e3000 	C:\Users\HP\Desktop\GameVersePro\lib\javafx\bin\prism_sw.dll
0x00007ffaf8cc0000 - 0x00007ffaf8d02000 	C:\Users\HP\Desktop\GameVersePro\lib\javafx\bin\glass.dll
0x00007ffb4d380000 - 0x00007ffb4d46e000 	C:\Windows\System32\COMDLG32.dll
0x00007ffb49940000 - 0x00007ffb499ea000 	C:\Windows\system32\uxtheme.dll
0x00007ffb4e520000 - 0x00007ffb4e67d000 	C:\Windows\System32\MSCTF.dll

JVMTI agents: none

dbghelp: loaded successfully - version: 4.0.5 - missing functions: none
symbol engine: initialized successfully - sym options: 0x614 - pdb path: .;C:\Program Files\Java\jdk-25.0.2\bin;C:\Windows\SYSTEM32;C:\Windows\WinSxS\amd64_microsoft.windows.common-controls_6595b64144ccf1df_6.0.26100.7922_none_3e089e1ee3342171;C:\Program Files\Java\jdk-25.0.2\bin\server;C:\Users\HP\Desktop\GameVersePro\lib\javafx\bin

VM Arguments:
jvm_args: -Djava.library.path=C:\Users\HP\Desktop\GameVersePro\lib\javafx\bin -Dprism.order=sw -Dprism.verbose=false --module-path=C:\Users\HP\Desktop\GameVersePro\lib\javafx\lib --add-modules=javafx.controls,javafx.fxml 
java_command: MainApp
java_class_path (initial): C:\Users\HP\Desktop\GameVersePro\bin;C:\Users\HP\Desktop\GameVersePro\lib\mysql-connector-j-9.6.0.jar
Launcher Type: SUN_STANDARD

[Global flags]
     intx CICompilerCount                          = 4                                         {product} {ergonomic}
     uint ConcGCThreads                            = 2                                         {product} {ergonomic}
     uint G1ConcRefinementThreads                  = 8                                         {product} {ergonomic}
   size_t G1HeapRegionSize                         = 2097152                                   {product} {ergonomic}
   size_t InitialHeapSize                          = 234881024                                 {product} {ergonomic}
   size_t MarkStackSize                            = 4194304                                   {product} {ergonomic}
   size_t MarkStackSizeMax                         = 536870912                                 {product} {ergonomic}
   size_t MaxHeapSize                              = 3726639104                                {product} {ergonomic}
   size_t MaxNewSize                               = 2235564032                                {product} {ergonomic}
   size_t MinHeapDeltaBytes                        = 2097152                                   {product} {ergonomic}
   size_t MinHeapSize                              = 8388608                                   {product} {ergonomic}
    uintx NonNMethodCodeHeapSize                   = 5832704                                {pd product} {ergonomic}
    uintx NonProfiledCodeHeapSize                  = 122945536                              {pd product} {ergonomic}
    uintx ProfiledCodeHeapSize                     = 122880000                              {pd product} {ergonomic}
    uintx ReservedCodeCacheSize                    = 251658240                              {pd product} {ergonomic}
     bool SegmentedCodeCache                       = true                                      {product} {ergonomic}
   size_t SoftMaxHeapSize                          = 3726639104                             {manageable} {ergonomic}
     bool UseCompressedOops                        = true                           {product lp64_product} {ergonomic}
     bool UseG1GC                                  = true                                      {product} {ergonomic}
     bool UseLargePagesIndividualAllocation        = false                                  {pd product} {ergonomic}

Logging:
Log output configuration:
 #0: stdout all=warning uptime,level,tags foldmultilines=false
 #1: stderr all=off uptime,level,tags foldmultilines=false

Release file:
IMPLEMENTOR="Oracle Corporation" 
JAVA_RUNTIME_VERSION="25.0.2+10-LTS-69" 
JAVA_VERSION="25.0.2" 
JAVA_VERSION_DATE="2026-01-20" 
LIBC="default" 
MODULES="java.base java.compiler java.datatransfer java.xml java.prefs java.desktop java.instrument java.logging java.management java.security.sasl java.naming java.rmi java.management.rmi java.net.http java.scripting java.security.jgss java.transaction.xa java.sql java.sql.rowset java.xml.crypto java.se java.smartcardio jdk.accessibility jdk.internal.jvmstat jdk.attach jdk.charsets jdk.internal.opt jdk.zipfs jdk.compiler jdk.crypto.cryptoki jdk.crypto.ec jdk.crypto.mscapi jdk.dynalink jdk.internal.ed jdk.editpad jdk.internal.vm.ci jdk.graal.compiler jdk.graal.compiler.management jdk.hotspot.agent jdk.httpserver jdk.incubator.vector jdk.internal.le jdk.internal.md jdk.jartool jdk.javadoc jdk.jcmd jdk.management jdk.management.agent jdk.jconsole jdk.jdeps jdk.jdwp.agent jdk.jdi jdk.jfr jdk.jlink jdk.jpackage jdk.jshell jdk.jsobject jdk.jstatd jdk.localedata jdk.management.jfr jdk.naming.dns jdk.naming.rmi jdk.net jdk.nio.mapmode jdk.sctp jdk.security.auth jdk.security.jgss jdk.unsupported jdk.unsupported.desktop jdk.xml.dom" 
OS_ARCH="x86_64" 
OS_NAME="Windows" 
SOURCE=".:git:b75efb40c93a open:git:405a5699ebd0" 

Environment Variables:
PATH=C:\Program Files\Common Files\Oracle\Java\javapath;C:\Windows\system32;C:\Windows;C:\Windows\System32\Wbem;C:\Windows\System32\WindowsPowerShell\v1.0\;C:\Windows\System32\OpenSSH\;C:\Program Files\NVIDIA Corporation\NVIDIA App\NvDLISR;C:\Program Files (x86)\NVIDIA Corporation\PhysX\Common;C:\ProgramData\chocolatey\bin;C:\Program Files\GitHub CLI\;C:\Program Files\Git\cmd;C:\Program Files\nodejs\;C:\Program Files\MySQL\MySQL Server 8.4\bin;C:\Program Files\MySQL\MySQL Shell 8.0\bin\;C:\Users\HP\AppData\Local\Microsoft\WindowsApps;C:\Users\HP\AppData\Local\Programs\Microsoft VS Code\bin;C:\Users\HP\AppData\Roaming\npm;C:\Users\HP\AppData\Local\Programs\Antigravity\bin;c:\Users\HP\.antigravity\extensions\vscjava.vscode-java-debug-0.58.5-universal\bundled\scripts\noConfigScripts
USERNAME=HP
LANG=en_US.UTF-8
OS=Windows_NT
PROCESSOR_IDENTIFIER=AMD64 Family 23 Model 24 Stepping 1, AuthenticAMD
TMP=C:\Users\HP\AppData\Local\Temp
TEMP=C:\Users\HP\AppData\Local\Temp




Compilation memory statistics disabled.

Periodic native trim disabled

---------------  S Y S T E M  ---------------

OS:
 Windows 11 , 64 bit Build 26100 (10.0.26100.7920)
OS uptime: 0 days 13:25 hours
Hyper-V role detected

CPU: total 8 (initial active 8) (8 cores per cpu, 2 threads per core) family 23 model 24 stepping 1 microcode 0x8108109, cx8, cmov, fxsr, ht, mmx, 3dnowpref, sse, sse2, sse3, ssse3, sse4a, sse4.1, sse4.2, popcnt, lzcnt, tsc, tscinvbit, avx, avx2, aes, clmul, bmi1, bmi2, adx, sha, fma, vzeroupper, clflush, clflushopt, hv, rdtscp, f16c
Processor Information for the first 8 processors :
  Max Mhz: 2100, Current Mhz: 2100, Mhz Limit: 2100

Memory: 4k page, system-wide physical 14211M (6205M free)
TotalPageFile size 15107M (AvailPageFile size 4444M)
current process WorkingSet (physical memory assigned to process): 80M, peak: 80M
current process commit charge ("private bytes"): 331M, peak: 348M

vm_info: Java HotSpot(TM) 64-Bit Server VM (25.0.2+10-LTS-69) for windows-amd64 JRE (25.0.2+10-LTS-69), built on 2025-12-18T11:36:35Z with MS VC++ 17.13 (VS2022)

END.
